{"/Users/harriebickle/GitHub/Consensys/docs-template/plugins/remark-fix-components.js": {"path":"/Users/harriebickle/GitHub/Consensys/docs-template/plugins/remark-fix-components.js","statementMap":{"0":{"start":{"line":8,"column":27},"end":{"line":8,"column":90}},"1":{"start":{"line":9,"column":31},"end":{"line":9,"column":116}},"2":{"start":{"line":12,"column":2},"end":{"line":108,"column":4}},"3":{"start":{"line":14,"column":21},"end":{"line":14,"column":59}},"4":{"start":{"line":15,"column":4},"end":{"line":17,"column":5}},"5":{"start":{"line":16,"column":6},"end":{"line":16,"column":13}},"6":{"start":{"line":20,"column":6},"end":{"line":20,"column":52}},"7":{"start":{"line":20,"column":45},"end":{"line":20,"column":52}},"8":{"start":{"line":23,"column":6},"end":{"line":67,"column":7}},"9":{"start":{"line":24,"column":23},"end":{"line":24,"column":33}},"10":{"start":{"line":25,"column":23},"end":{"line":25,"column":28}},"11":{"start":{"line":28,"column":8},"end":{"line":35,"column":9}},"12":{"start":{"line":29,"column":10},"end":{"line":29,"column":26}},"13":{"start":{"line":31,"column":10},"end":{"line":34,"column":12}},"14":{"start":{"line":38,"column":8},"end":{"line":44,"column":10}},"15":{"start":{"line":41,"column":12},"end":{"line":41,"column":28}},"16":{"start":{"line":42,"column":12},"end":{"line":42,"column":76}},"17":{"start":{"line":47,"column":8},"end":{"line":53,"column":10}},"18":{"start":{"line":50,"column":12},"end":{"line":50,"column":28}},"19":{"start":{"line":51,"column":12},"end":{"line":51,"column":73}},"20":{"start":{"line":56,"column":8},"end":{"line":62,"column":10}},"21":{"start":{"line":59,"column":12},"end":{"line":59,"column":28}},"22":{"start":{"line":60,"column":12},"end":{"line":60,"column":73}},"23":{"start":{"line":64,"column":8},"end":{"line":66,"column":9}},"24":{"start":{"line":65,"column":10},"end":{"line":65,"column":32}},"25":{"start":{"line":70,"column":6},"end":{"line":99,"column":7}},"26":{"start":{"line":73,"column":25},"end":{"line":82,"column":9}},"27":{"start":{"line":84,"column":27},"end":{"line":87,"column":9}},"28":{"start":{"line":89,"column":26},"end":{"line":92,"column":9}},"29":{"start":{"line":95,"column":8},"end":{"line":95,"column":32}},"30":{"start":{"line":96,"column":8},"end":{"line":96,"column":30}},"31":{"start":{"line":97,"column":8},"end":{"line":97,"column":36}},"32":{"start":{"line":98,"column":8},"end":{"line":98,"column":58}},"33":{"start":{"line":102,"column":6},"end":{"line":104,"column":7}},"34":{"start":{"line":103,"column":8},"end":{"line":103,"column":40}},"35":{"start":{"line":107,"column":4},"end":{"line":107,"column":19}},"36":{"start":{"line":111,"column":0},"end":{"line":111,"column":37}}},"fnMap":{"0":{"name":"remarkFixComponents","decl":{"start":{"line":11,"column":9},"end":{"line":11,"column":28}},"loc":{"start":{"line":11,"column":31},"end":{"line":109,"column":1}},"line":11},"1":{"name":"(anonymous_1)","decl":{"start":{"line":12,"column":9},"end":{"line":12,"column":10}},"loc":{"start":{"line":12,"column":25},"end":{"line":108,"column":3}},"line":12},"2":{"name":"traverse","decl":{"start":{"line":19,"column":13},"end":{"line":19,"column":21}},"loc":{"start":{"line":19,"column":28},"end":{"line":105,"column":5}},"line":19},"3":{"name":"(anonymous_3)","decl":{"start":{"line":40,"column":10},"end":{"line":40,"column":11}},"loc":{"start":{"line":40,"column":21},"end":{"line":43,"column":11}},"line":40},"4":{"name":"(anonymous_4)","decl":{"start":{"line":49,"column":10},"end":{"line":49,"column":11}},"loc":{"start":{"line":49,"column":21},"end":{"line":52,"column":11}},"line":49},"5":{"name":"(anonymous_5)","decl":{"start":{"line":58,"column":10},"end":{"line":58,"column":11}},"loc":{"start":{"line":58,"column":21},"end":{"line":61,"column":11}},"line":58}},"branchMap":{"0":{"loc":{"start":{"line":14,"column":21},"end":{"line":14,"column":59}},"type":"binary-expr","locations":[{"start":{"line":14,"column":21},"end":{"line":14,"column":31}},{"start":{"line":14,"column":35},"end":{"line":14,"column":53}},{"start":{"line":14,"column":57},"end":{"line":14,"column":59}}],"line":14},"1":{"loc":{"start":{"line":15,"column":4},"end":{"line":17,"column":5}},"type":"if","locations":[{"start":{"line":15,"column":4},"end":{"line":17,"column":5}},{"start":{},"end":{}}],"line":15},"2":{"loc":{"start":{"line":20,"column":6},"end":{"line":20,"column":52}},"type":"if","locations":[{"start":{"line":20,"column":6},"end":{"line":20,"column":52}},{"start":{},"end":{}}],"line":20},"3":{"loc":{"start":{"line":20,"column":10},"end":{"line":20,"column":43}},"type":"binary-expr","locations":[{"start":{"line":20,"column":10},"end":{"line":20,"column":15}},{"start":{"line":20,"column":19},"end":{"line":20,"column":43}}],"line":20},"4":{"loc":{"start":{"line":23,"column":6},"end":{"line":67,"column":7}},"type":"if","locations":[{"start":{"line":23,"column":6},"end":{"line":67,"column":7}},{"start":{},"end":{}}],"line":23},"5":{"loc":{"start":{"line":23,"column":10},"end":{"line":23,"column":48}},"type":"binary-expr","locations":[{"start":{"line":23,"column":10},"end":{"line":23,"column":34}},{"start":{"line":23,"column":38},"end":{"line":23,"column":48}}],"line":23},"6":{"loc":{"start":{"line":28,"column":8},"end":{"line":35,"column":9}},"type":"if","locations":[{"start":{"line":28,"column":8},"end":{"line":35,"column":9}},{"start":{},"end":{}}],"line":28},"7":{"loc":{"start":{"line":28,"column":12},"end":{"line":28,"column":99}},"type":"binary-expr","locations":[{"start":{"line":28,"column":12},"end":{"line":28,"column":43}},{"start":{"line":28,"column":47},"end":{"line":28,"column":99}}],"line":28},"8":{"loc":{"start":{"line":64,"column":8},"end":{"line":66,"column":9}},"type":"if","locations":[{"start":{"line":64,"column":8},"end":{"line":66,"column":9}},{"start":{},"end":{}}],"line":64},"9":{"loc":{"start":{"line":70,"column":6},"end":{"line":99,"column":7}},"type":"if","locations":[{"start":{"line":70,"column":6},"end":{"line":99,"column":7}},{"start":{},"end":{}}],"line":70},"10":{"loc":{"start":{"line":70,"column":10},"end":{"line":70,"column":112}},"type":"binary-expr","locations":[{"start":{"line":70,"column":11},"end":{"line":70,"column":44}},{"start":{"line":70,"column":48},"end":{"line":70,"column":81}},{"start":{"line":70,"column":86},"end":{"line":70,"column":112}}],"line":70},"11":{"loc":{"start":{"line":102,"column":6},"end":{"line":104,"column":7}},"type":"if","locations":[{"start":{"line":102,"column":6},"end":{"line":104,"column":7}},{"start":{},"end":{}}],"line":102}},"s":{"0":0,"1":0,"2":0,"3":0,"4":0,"5":0,"6":0,"7":0,"8":0,"9":0,"10":0,"11":0,"12":0,"13":0,"14":0,"15":0,"16":0,"17":0,"18":0,"19":0,"20":0,"21":0,"22":0,"23":0,"24":0,"25":0,"26":0,"27":0,"28":0,"29":0,"30":0,"31":0,"32":0,"33":0,"34":0,"35":0,"36":0},"f":{"0":0,"1":0,"2":0,"3":0,"4":0,"5":0},"b":{"0":[0,0,0],"1":[0,0],"2":[0,0],"3":[0,0],"4":[0,0],"5":[0,0],"6":[0,0],"7":[0,0],"8":[0,0],"9":[0,0],"10":[0,0,0],"11":[0,0]}}
,"/Users/harriebickle/GitHub/Consensys/docs-template/plugins/remark-fix-image-paths.js": {"path":"/Users/harriebickle/GitHub/Consensys/docs-template/plugins/remark-fix-image-paths.js","statementMap":{"0":{"start":{"line":12,"column":2},"end":{"line":101,"column":4}},"1":{"start":{"line":16,"column":6},"end":{"line":16,"column":52}},"2":{"start":{"line":16,"column":45},"end":{"line":16,"column":52}},"3":{"start":{"line":19,"column":6},"end":{"line":25,"column":7}},"4":{"start":{"line":20,"column":8},"end":{"line":24,"column":9}},"5":{"start":{"line":21,"column":28},"end":{"line":21,"column":75}},"6":{"start":{"line":22,"column":27},"end":{"line":22,"column":53}},"7":{"start":{"line":23,"column":10},"end":{"line":23,"column":54}},"8":{"start":{"line":28,"column":6},"end":{"line":55,"column":7}},"9":{"start":{"line":29,"column":23},"end":{"line":29,"column":28}},"10":{"start":{"line":30,"column":23},"end":{"line":30,"column":33}},"11":{"start":{"line":33,"column":8},"end":{"line":40,"column":10}},"12":{"start":{"line":36,"column":12},"end":{"line":36,"column":28}},"13":{"start":{"line":37,"column":29},"end":{"line":37,"column":55}},"14":{"start":{"line":38,"column":12},"end":{"line":38,"column":58}},"15":{"start":{"line":43,"column":8},"end":{"line":50,"column":10}},"16":{"start":{"line":46,"column":12},"end":{"line":46,"column":28}},"17":{"start":{"line":47,"column":29},"end":{"line":47,"column":55}},"18":{"start":{"line":48,"column":12},"end":{"line":48,"column":58}},"19":{"start":{"line":52,"column":8},"end":{"line":54,"column":9}},"20":{"start":{"line":53,"column":10},"end":{"line":53,"column":32}},"21":{"start":{"line":58,"column":6},"end":{"line":85,"column":7}},"22":{"start":{"line":59,"column":8},"end":{"line":84,"column":9}},"23":{"start":{"line":60,"column":10},"end":{"line":83,"column":13}},"24":{"start":{"line":61,"column":12},"end":{"line":82,"column":13}},"25":{"start":{"line":64,"column":29},"end":{"line":64,"column":31}},"26":{"start":{"line":65,"column":14},"end":{"line":73,"column":15}},"27":{"start":{"line":66,"column":16},"end":{"line":66,"column":38}},"28":{"start":{"line":67,"column":21},"end":{"line":73,"column":15}},"29":{"start":{"line":70,"column":16},"end":{"line":70,"column":23}},"30":{"start":{"line":71,"column":21},"end":{"line":73,"column":15}},"31":{"start":{"line":72,"column":16},"end":{"line":72,"column":52}},"32":{"start":{"line":75,"column":14},"end":{"line":81,"column":15}},"33":{"start":{"line":76,"column":30},"end":{"line":76,"column":121}},"34":{"start":{"line":77,"column":16},"end":{"line":80,"column":17}},"35":{"start":{"line":78,"column":35},"end":{"line":78,"column":60}},"36":{"start":{"line":79,"column":18},"end":{"line":79,"column":64}},"37":{"start":{"line":88,"column":6},"end":{"line":90,"column":7}},"38":{"start":{"line":89,"column":8},"end":{"line":89,"column":40}},"39":{"start":{"line":93,"column":6},"end":{"line":97,"column":7}},"40":{"start":{"line":94,"column":8},"end":{"line":96,"column":9}},"41":{"start":{"line":95,"column":10},"end":{"line":95,"column":38}},"42":{"start":{"line":100,"column":4},"end":{"line":100,"column":19}},"43":{"start":{"line":104,"column":0},"end":{"line":104,"column":37}}},"fnMap":{"0":{"name":"remarkFixImagePaths","decl":{"start":{"line":11,"column":9},"end":{"line":11,"column":28}},"loc":{"start":{"line":11,"column":31},"end":{"line":102,"column":1}},"line":11},"1":{"name":"(anonymous_1)","decl":{"start":{"line":12,"column":9},"end":{"line":12,"column":10}},"loc":{"start":{"line":12,"column":25},"end":{"line":101,"column":3}},"line":12},"2":{"name":"traverse","decl":{"start":{"line":15,"column":13},"end":{"line":15,"column":21}},"loc":{"start":{"line":15,"column":28},"end":{"line":98,"column":5}},"line":15},"3":{"name":"(anonymous_3)","decl":{"start":{"line":35,"column":10},"end":{"line":35,"column":11}},"loc":{"start":{"line":35,"column":38},"end":{"line":39,"column":11}},"line":35},"4":{"name":"(anonymous_4)","decl":{"start":{"line":45,"column":10},"end":{"line":45,"column":11}},"loc":{"start":{"line":45,"column":32},"end":{"line":49,"column":11}},"line":45},"5":{"name":"(anonymous_5)","decl":{"start":{"line":60,"column":34},"end":{"line":60,"column":35}},"loc":{"start":{"line":60,"column":42},"end":{"line":83,"column":11}},"line":60}},"branchMap":{"0":{"loc":{"start":{"line":16,"column":6},"end":{"line":16,"column":52}},"type":"if","locations":[{"start":{"line":16,"column":6},"end":{"line":16,"column":52}},{"start":{},"end":{}}],"line":16},"1":{"loc":{"start":{"line":16,"column":10},"end":{"line":16,"column":43}},"type":"binary-expr","locations":[{"start":{"line":16,"column":10},"end":{"line":16,"column":15}},{"start":{"line":16,"column":19},"end":{"line":16,"column":43}}],"line":16},"2":{"loc":{"start":{"line":19,"column":6},"end":{"line":25,"column":7}},"type":"if","locations":[{"start":{"line":19,"column":6},"end":{"line":25,"column":7}},{"start":{},"end":{}}],"line":19},"3":{"loc":{"start":{"line":19,"column":10},"end":{"line":19,"column":43}},"type":"binary-expr","locations":[{"start":{"line":19,"column":10},"end":{"line":19,"column":31}},{"start":{"line":19,"column":35},"end":{"line":19,"column":43}}],"line":19},"4":{"loc":{"start":{"line":20,"column":8},"end":{"line":24,"column":9}},"type":"if","locations":[{"start":{"line":20,"column":8},"end":{"line":24,"column":9}},{"start":{},"end":{}}],"line":20},"5":{"loc":{"start":{"line":20,"column":12},"end":{"line":20,"column":77}},"type":"binary-expr","locations":[{"start":{"line":20,"column":12},"end":{"line":20,"column":43}},{"start":{"line":20,"column":47},"end":{"line":20,"column":77}}],"line":20},"6":{"loc":{"start":{"line":28,"column":6},"end":{"line":55,"column":7}},"type":"if","locations":[{"start":{"line":28,"column":6},"end":{"line":55,"column":7}},{"start":{},"end":{}}],"line":28},"7":{"loc":{"start":{"line":28,"column":10},"end":{"line":28,"column":44}},"type":"binary-expr","locations":[{"start":{"line":28,"column":10},"end":{"line":28,"column":30}},{"start":{"line":28,"column":34},"end":{"line":28,"column":44}}],"line":28},"8":{"loc":{"start":{"line":52,"column":8},"end":{"line":54,"column":9}},"type":"if","locations":[{"start":{"line":52,"column":8},"end":{"line":54,"column":9}},{"start":{},"end":{}}],"line":52},"9":{"loc":{"start":{"line":58,"column":6},"end":{"line":85,"column":7}},"type":"if","locations":[{"start":{"line":58,"column":6},"end":{"line":85,"column":7}},{"start":{},"end":{}}],"line":58},"10":{"loc":{"start":{"line":58,"column":10},"end":{"line":58,"column":105}},"type":"binary-expr","locations":[{"start":{"line":58,"column":11},"end":{"line":58,"column":44}},{"start":{"line":58,"column":48},"end":{"line":58,"column":81}},{"start":{"line":58,"column":86},"end":{"line":58,"column":105}}],"line":58},"11":{"loc":{"start":{"line":59,"column":8},"end":{"line":84,"column":9}},"type":"if","locations":[{"start":{"line":59,"column":8},"end":{"line":84,"column":9}},{"start":{},"end":{}}],"line":59},"12":{"loc":{"start":{"line":61,"column":12},"end":{"line":82,"column":13}},"type":"if","locations":[{"start":{"line":61,"column":12},"end":{"line":82,"column":13}},{"start":{},"end":{}}],"line":61},"13":{"loc":{"start":{"line":61,"column":16},"end":{"line":61,"column":49}},"type":"binary-expr","locations":[{"start":{"line":61,"column":16},"end":{"line":61,"column":35}},{"start":{"line":61,"column":39},"end":{"line":61,"column":49}}],"line":61},"14":{"loc":{"start":{"line":65,"column":14},"end":{"line":73,"column":15}},"type":"if","locations":[{"start":{"line":65,"column":14},"end":{"line":73,"column":15}},{"start":{"line":67,"column":21},"end":{"line":73,"column":15}}],"line":65},"15":{"loc":{"start":{"line":67,"column":21},"end":{"line":73,"column":15}},"type":"if","locations":[{"start":{"line":67,"column":21},"end":{"line":73,"column":15}},{"start":{"line":71,"column":21},"end":{"line":73,"column":15}}],"line":67},"16":{"loc":{"start":{"line":67,"column":25},"end":{"line":67,"column":86}},"type":"binary-expr","locations":[{"start":{"line":67,"column":25},"end":{"line":67,"column":35}},{"start":{"line":67,"column":39},"end":{"line":67,"column":86}}],"line":67},"17":{"loc":{"start":{"line":71,"column":21},"end":{"line":73,"column":15}},"type":"if","locations":[{"start":{"line":71,"column":21},"end":{"line":73,"column":15}},{"start":{},"end":{}}],"line":71},"18":{"loc":{"start":{"line":71,"column":25},"end":{"line":71,"column":55}},"type":"binary-expr","locations":[{"start":{"line":71,"column":25},"end":{"line":71,"column":35}},{"start":{"line":71,"column":39},"end":{"line":71,"column":55}}],"line":71},"19":{"loc":{"start":{"line":75,"column":14},"end":{"line":81,"column":15}},"type":"if","locations":[{"start":{"line":75,"column":14},"end":{"line":81,"column":15}},{"start":{},"end":{}}],"line":75},"20":{"loc":{"start":{"line":75,"column":18},"end":{"line":75,"column":81}},"type":"binary-expr","locations":[{"start":{"line":75,"column":18},"end":{"line":75,"column":46}},{"start":{"line":75,"column":50},"end":{"line":75,"column":81}}],"line":75},"21":{"loc":{"start":{"line":77,"column":16},"end":{"line":80,"column":17}},"type":"if","locations":[{"start":{"line":77,"column":16},"end":{"line":80,"column":17}},{"start":{},"end":{}}],"line":77},"22":{"loc":{"start":{"line":88,"column":6},"end":{"line":90,"column":7}},"type":"if","locations":[{"start":{"line":88,"column":6},"end":{"line":90,"column":7}},{"start":{},"end":{}}],"line":88},"23":{"loc":{"start":{"line":94,"column":8},"end":{"line":96,"column":9}},"type":"if","locations":[{"start":{"line":94,"column":8},"end":{"line":96,"column":9}},{"start":{},"end":{}}],"line":94},"24":{"loc":{"start":{"line":94,"column":12},"end":{"line":94,"column":58}},"type":"binary-expr","locations":[{"start":{"line":94,"column":12},"end":{"line":94,"column":30}},{"start":{"line":94,"column":34},"end":{"line":94,"column":58}}],"line":94}},"s":{"0":0,"1":0,"2":0,"3":0,"4":0,"5":0,"6":0,"7":0,"8":0,"9":0,"10":0,"11":0,"12":0,"13":0,"14":0,"15":0,"16":0,"17":0,"18":0,"19":0,"20":0,"21":0,"22":0,"23":0,"24":0,"25":0,"26":0,"27":0,"28":0,"29":0,"30":0,"31":0,"32":0,"33":0,"34":0,"35":0,"36":0,"37":0,"38":0,"39":0,"40":0,"41":0,"42":0,"43":0},"f":{"0":0,"1":0,"2":0,"3":0,"4":0,"5":0},"b":{"0":[0,0],"1":[0,0],"2":[0,0],"3":[0,0],"4":[0,0],"5":[0,0],"6":[0,0],"7":[0,0],"8":[0,0],"9":[0,0],"10":[0,0,0],"11":[0,0],"12":[0,0],"13":[0,0],"14":[0,0],"15":[0,0],"16":[0,0],"17":[0,0],"18":[0,0],"19":[0,0],"20":[0,0],"21":[0,0],"22":[0,0],"23":[0,0],"24":[0,0]}}
,"/Users/harriebickle/GitHub/Consensys/docs-template/plugins/remark-link-rewriter.js": {"path":"/Users/harriebickle/GitHub/Consensys/docs-template/plugins/remark-link-rewriter.js","statementMap":{"0":{"start":{"line":8,"column":11},"end":{"line":8,"column":24}},"1":{"start":{"line":9,"column":13},"end":{"line":9,"column":28}},"2":{"start":{"line":10,"column":13},"end":{"line":10,"column":31}},"3":{"start":{"line":12,"column":27},"end":{"line":12,"column":90}},"4":{"start":{"line":13,"column":32},"end":{"line":13,"column":76}},"5":{"start":{"line":19,"column":2},"end":{"line":36,"column":3}},"6":{"start":{"line":20,"column":25},"end":{"line":20,"column":60}},"7":{"start":{"line":22,"column":4},"end":{"line":24,"column":5}},"8":{"start":{"line":23,"column":6},"end":{"line":23,"column":19}},"9":{"start":{"line":26,"column":4},"end":{"line":28,"column":5}},"10":{"start":{"line":27,"column":6},"end":{"line":27,"column":18}},"11":{"start":{"line":30,"column":4},"end":{"line":32,"column":5}},"12":{"start":{"line":31,"column":6},"end":{"line":31,"column":89}},"13":{"start":{"line":33,"column":4},"end":{"line":33,"column":17}},"14":{"start":{"line":35,"column":4},"end":{"line":35,"column":17}},"15":{"start":{"line":45,"column":18},"end":{"line":45,"column":61}},"16":{"start":{"line":48,"column":2},"end":{"line":50,"column":3}},"17":{"start":{"line":49,"column":4},"end":{"line":49,"column":70}},"18":{"start":{"line":53,"column":2},"end":{"line":55,"column":3}},"19":{"start":{"line":54,"column":4},"end":{"line":54,"column":60}},"20":{"start":{"line":59,"column":2},"end":{"line":61,"column":3}},"21":{"start":{"line":60,"column":4},"end":{"line":60,"column":60}},"22":{"start":{"line":64,"column":2},"end":{"line":64,"column":58}},"23":{"start":{"line":68,"column":21},"end":{"line":68,"column":87}},"24":{"start":{"line":70,"column":2},"end":{"line":73,"column":3}},"25":{"start":{"line":71,"column":4},"end":{"line":71,"column":92}},"26":{"start":{"line":72,"column":4},"end":{"line":72,"column":53}},"27":{"start":{"line":75,"column":18},"end":{"line":75,"column":53}},"28":{"start":{"line":76,"column":17},"end":{"line":76,"column":41}},"29":{"start":{"line":79,"column":23},"end":{"line":79,"column":32}},"30":{"start":{"line":80,"column":2},"end":{"line":84,"column":3}},"31":{"start":{"line":81,"column":4},"end":{"line":83,"column":5}},"32":{"start":{"line":82,"column":6},"end":{"line":82,"column":33}},"33":{"start":{"line":87,"column":19},"end":{"line":87,"column":21}},"34":{"start":{"line":88,"column":2},"end":{"line":118,"column":3}},"35":{"start":{"line":89,"column":4},"end":{"line":117,"column":5}},"36":{"start":{"line":90,"column":6},"end":{"line":90,"column":49}},"37":{"start":{"line":90,"column":40},"end":{"line":90,"column":49}},"38":{"start":{"line":92,"column":25},"end":{"line":92,"column":34}},"39":{"start":{"line":93,"column":28},"end":{"line":93,"column":37}},"40":{"start":{"line":97,"column":6},"end":{"line":106,"column":7}},"41":{"start":{"line":98,"column":8},"end":{"line":99,"column":68}},"42":{"start":{"line":102,"column":8},"end":{"line":105,"column":34}},"43":{"start":{"line":108,"column":6},"end":{"line":108,"column":40}},"44":{"start":{"line":110,"column":6},"end":{"line":116,"column":9}},"45":{"start":{"line":120,"column":2},"end":{"line":120,"column":36}},"46":{"start":{"line":124,"column":37},"end":{"line":124,"column":59}},"47":{"start":{"line":127,"column":2},"end":{"line":173,"column":3}},"48":{"start":{"line":128,"column":4},"end":{"line":172,"column":6}},"49":{"start":{"line":130,"column":23},"end":{"line":130,"column":61}},"50":{"start":{"line":131,"column":6},"end":{"line":133,"column":7}},"51":{"start":{"line":132,"column":8},"end":{"line":132,"column":15}},"52":{"start":{"line":137,"column":8},"end":{"line":137,"column":68}},"53":{"start":{"line":137,"column":61},"end":{"line":137,"column":68}},"54":{"start":{"line":139,"column":8},"end":{"line":149,"column":9}},"55":{"start":{"line":148,"column":10},"end":{"line":148,"column":17}},"56":{"start":{"line":151,"column":8},"end":{"line":164,"column":9}},"57":{"start":{"line":152,"column":30},"end":{"line":152,"column":46}},"58":{"start":{"line":155,"column":10},"end":{"line":163,"column":11}},"59":{"start":{"line":156,"column":12},"end":{"line":162,"column":13}},"60":{"start":{"line":157,"column":30},"end":{"line":157,"column":52}},"61":{"start":{"line":158,"column":14},"end":{"line":161,"column":15}},"62":{"start":{"line":160,"column":16},"end":{"line":160,"column":61}},"63":{"start":{"line":166,"column":8},"end":{"line":168,"column":9}},"64":{"start":{"line":167,"column":10},"end":{"line":167,"column":42}},"65":{"start":{"line":171,"column":6},"end":{"line":171,"column":21}},"66":{"start":{"line":175,"column":2},"end":{"line":270,"column":4}},"67":{"start":{"line":177,"column":21},"end":{"line":177,"column":59}},"68":{"start":{"line":178,"column":4},"end":{"line":180,"column":5}},"69":{"start":{"line":179,"column":6},"end":{"line":179,"column":13}},"70":{"start":{"line":182,"column":20},"end":{"line":182,"column":42}},"71":{"start":{"line":185,"column":6},"end":{"line":185,"column":66}},"72":{"start":{"line":185,"column":59},"end":{"line":185,"column":66}},"73":{"start":{"line":190,"column":6},"end":{"line":200,"column":7}},"74":{"start":{"line":199,"column":8},"end":{"line":199,"column":15}},"75":{"start":{"line":204,"column":6},"end":{"line":258,"column":7}},"76":{"start":{"line":205,"column":28},"end":{"line":205,"column":44}},"77":{"start":{"line":208,"column":8},"end":{"line":257,"column":9}},"78":{"start":{"line":209,"column":23},"end":{"line":209,"column":34}},"79":{"start":{"line":212,"column":10},"end":{"line":251,"column":11}},"80":{"start":{"line":213,"column":12},"end":{"line":216,"column":13}},"81":{"start":{"line":215,"column":14},"end":{"line":215,"column":57}},"82":{"start":{"line":221,"column":12},"end":{"line":235,"column":13}},"83":{"start":{"line":222,"column":28},"end":{"line":222,"column":60}},"84":{"start":{"line":223,"column":14},"end":{"line":234,"column":15}},"85":{"start":{"line":224,"column":16},"end":{"line":224,"column":45}},"86":{"start":{"line":225,"column":16},"end":{"line":232,"column":17}},"87":{"start":{"line":229,"column":38},"end":{"line":229,"column":82}},"88":{"start":{"line":230,"column":40},"end":{"line":230,"column":81}},"89":{"start":{"line":231,"column":18},"end":{"line":231,"column":68}},"90":{"start":{"line":233,"column":16},"end":{"line":233,"column":22}},"91":{"start":{"line":238,"column":12},"end":{"line":250,"column":13}},"92":{"start":{"line":239,"column":42},"end":{"line":239,"column":103}},"93":{"start":{"line":240,"column":35},"end":{"line":240,"column":65}},"94":{"start":{"line":243,"column":16},"end":{"line":245,"column":46}},"95":{"start":{"line":247,"column":14},"end":{"line":249,"column":15}},"96":{"start":{"line":248,"column":16},"end":{"line":248,"column":31}},"97":{"start":{"line":254,"column":10},"end":{"line":256,"column":11}},"98":{"start":{"line":255,"column":12},"end":{"line":255,"column":30}},"99":{"start":{"line":262,"column":6},"end":{"line":266,"column":7}},"100":{"start":{"line":263,"column":8},"end":{"line":265,"column":9}},"101":{"start":{"line":264,"column":10},"end":{"line":264,"column":26}},"102":{"start":{"line":269,"column":4},"end":{"line":269,"column":19}},"103":{"start":{"line":273,"column":0},"end":{"line":273,"column":36}}},"fnMap":{"0":{"name":"pathExistsInPortedContent","decl":{"start":{"line":18,"column":9},"end":{"line":18,"column":34}},"loc":{"start":{"line":18,"column":58},"end":{"line":37,"column":1}},"line":18},"1":{"name":"convertToExternalUrl","decl":{"start":{"line":43,"column":9},"end":{"line":43,"column":29}},"loc":{"start":{"line":43,"column":44},"end":{"line":65,"column":1}},"line":43},"2":{"name":"loadLinkReplacements","decl":{"start":{"line":67,"column":9},"end":{"line":67,"column":29}},"loc":{"start":{"line":67,"column":32},"end":{"line":121,"column":1}},"line":67},"3":{"name":"remarkLinkRewriter","decl":{"start":{"line":123,"column":9},"end":{"line":123,"column":27}},"loc":{"start":{"line":123,"column":30},"end":{"line":271,"column":1}},"line":123},"4":{"name":"(anonymous_4)","decl":{"start":{"line":128,"column":11},"end":{"line":128,"column":12}},"loc":{"start":{"line":128,"column":27},"end":{"line":172,"column":5}},"line":128},"5":{"name":"traverse","decl":{"start":{"line":136,"column":15},"end":{"line":136,"column":23}},"loc":{"start":{"line":136,"column":30},"end":{"line":169,"column":7}},"line":136},"6":{"name":"(anonymous_6)","decl":{"start":{"line":175,"column":9},"end":{"line":175,"column":10}},"loc":{"start":{"line":175,"column":25},"end":{"line":270,"column":3}},"line":175},"7":{"name":"traverse","decl":{"start":{"line":184,"column":13},"end":{"line":184,"column":21}},"loc":{"start":{"line":184,"column":28},"end":{"line":267,"column":5}},"line":184}},"branchMap":{"0":{"loc":{"start":{"line":22,"column":4},"end":{"line":24,"column":5}},"type":"if","locations":[{"start":{"line":22,"column":4},"end":{"line":24,"column":5}},{"start":{},"end":{}}],"line":22},"1":{"loc":{"start":{"line":26,"column":4},"end":{"line":28,"column":5}},"type":"if","locations":[{"start":{"line":26,"column":4},"end":{"line":28,"column":5}},{"start":{},"end":{}}],"line":26},"2":{"loc":{"start":{"line":30,"column":4},"end":{"line":32,"column":5}},"type":"if","locations":[{"start":{"line":30,"column":4},"end":{"line":32,"column":5}},{"start":{},"end":{}}],"line":30},"3":{"loc":{"start":{"line":31,"column":13},"end":{"line":31,"column":88}},"type":"binary-expr","locations":[{"start":{"line":31,"column":13},"end":{"line":31,"column":48}},{"start":{"line":31,"column":52},"end":{"line":31,"column":88}}],"line":31},"4":{"loc":{"start":{"line":48,"column":2},"end":{"line":50,"column":3}},"type":"if","locations":[{"start":{"line":48,"column":2},"end":{"line":50,"column":3}},{"start":{},"end":{}}],"line":48},"5":{"loc":{"start":{"line":53,"column":2},"end":{"line":55,"column":3}},"type":"if","locations":[{"start":{"line":53,"column":2},"end":{"line":55,"column":3}},{"start":{},"end":{}}],"line":53},"6":{"loc":{"start":{"line":59,"column":2},"end":{"line":61,"column":3}},"type":"if","locations":[{"start":{"line":59,"column":2},"end":{"line":61,"column":3}},{"start":{},"end":{}}],"line":59},"7":{"loc":{"start":{"line":70,"column":2},"end":{"line":73,"column":3}},"type":"if","locations":[{"start":{"line":70,"column":2},"end":{"line":73,"column":3}},{"start":{},"end":{}}],"line":70},"8":{"loc":{"start":{"line":76,"column":17},"end":{"line":76,"column":41}},"type":"binary-expr","locations":[{"start":{"line":76,"column":17},"end":{"line":76,"column":35}},{"start":{"line":76,"column":39},"end":{"line":76,"column":41}}],"line":76},"9":{"loc":{"start":{"line":80,"column":2},"end":{"line":84,"column":3}},"type":"if","locations":[{"start":{"line":80,"column":2},"end":{"line":84,"column":3}},{"start":{},"end":{}}],"line":80},"10":{"loc":{"start":{"line":80,"column":6},"end":{"line":80,"column":68}},"type":"binary-expr","locations":[{"start":{"line":80,"column":6},"end":{"line":80,"column":25}},{"start":{"line":80,"column":29},"end":{"line":80,"column":68}}],"line":80},"11":{"loc":{"start":{"line":88,"column":2},"end":{"line":118,"column":3}},"type":"if","locations":[{"start":{"line":88,"column":2},"end":{"line":118,"column":3}},{"start":{},"end":{}}],"line":88},"12":{"loc":{"start":{"line":90,"column":6},"end":{"line":90,"column":49}},"type":"if","locations":[{"start":{"line":90,"column":6},"end":{"line":90,"column":49}},{"start":{},"end":{}}],"line":90},"13":{"loc":{"start":{"line":90,"column":10},"end":{"line":90,"column":38}},"type":"binary-expr","locations":[{"start":{"line":90,"column":10},"end":{"line":90,"column":20}},{"start":{"line":90,"column":24},"end":{"line":90,"column":38}}],"line":90},"14":{"loc":{"start":{"line":97,"column":6},"end":{"line":106,"column":7}},"type":"if","locations":[{"start":{"line":97,"column":6},"end":{"line":106,"column":7}},{"start":{"line":100,"column":13},"end":{"line":106,"column":7}}],"line":97},"15":{"loc":{"start":{"line":97,"column":10},"end":{"line":97,"column":110}},"type":"binary-expr","locations":[{"start":{"line":97,"column":10},"end":{"line":97,"column":37}},{"start":{"line":97,"column":41},"end":{"line":97,"column":78}},{"start":{"line":97,"column":82},"end":{"line":97,"column":110}}],"line":97},"16":{"loc":{"start":{"line":115,"column":21},"end":{"line":115,"column":40}},"type":"binary-expr","locations":[{"start":{"line":115,"column":21},"end":{"line":115,"column":34}},{"start":{"line":115,"column":38},"end":{"line":115,"column":40}}],"line":115},"17":{"loc":{"start":{"line":127,"column":2},"end":{"line":173,"column":3}},"type":"if","locations":[{"start":{"line":127,"column":2},"end":{"line":173,"column":3}},{"start":{},"end":{}}],"line":127},"18":{"loc":{"start":{"line":127,"column":6},"end":{"line":127,"column":54}},"type":"binary-expr","locations":[{"start":{"line":127,"column":6},"end":{"line":127,"column":29}},{"start":{"line":127,"column":33},"end":{"line":127,"column":54}}],"line":127},"19":{"loc":{"start":{"line":130,"column":23},"end":{"line":130,"column":61}},"type":"binary-expr","locations":[{"start":{"line":130,"column":23},"end":{"line":130,"column":33}},{"start":{"line":130,"column":37},"end":{"line":130,"column":55}},{"start":{"line":130,"column":59},"end":{"line":130,"column":61}}],"line":130},"20":{"loc":{"start":{"line":131,"column":6},"end":{"line":133,"column":7}},"type":"if","locations":[{"start":{"line":131,"column":6},"end":{"line":133,"column":7}},{"start":{},"end":{}}],"line":131},"21":{"loc":{"start":{"line":137,"column":8},"end":{"line":137,"column":68}},"type":"if","locations":[{"start":{"line":137,"column":8},"end":{"line":137,"column":68}},{"start":{},"end":{}}],"line":137},"22":{"loc":{"start":{"line":137,"column":12},"end":{"line":137,"column":59}},"type":"binary-expr","locations":[{"start":{"line":137,"column":12},"end":{"line":137,"column":17}},{"start":{"line":137,"column":21},"end":{"line":137,"column":45}},{"start":{"line":137,"column":49},"end":{"line":137,"column":59}}],"line":137},"23":{"loc":{"start":{"line":139,"column":8},"end":{"line":149,"column":9}},"type":"if","locations":[{"start":{"line":139,"column":8},"end":{"line":149,"column":9}},{"start":{},"end":{}}],"line":139},"24":{"loc":{"start":{"line":140,"column":10},"end":{"line":146,"column":30}},"type":"binary-expr","locations":[{"start":{"line":140,"column":10},"end":{"line":140,"column":30}},{"start":{"line":141,"column":10},"end":{"line":141,"column":36}},{"start":{"line":142,"column":10},"end":{"line":142,"column":34}},{"start":{"line":143,"column":10},"end":{"line":143,"column":43}},{"start":{"line":144,"column":10},"end":{"line":144,"column":43}},{"start":{"line":145,"column":10},"end":{"line":145,"column":41}},{"start":{"line":146,"column":10},"end":{"line":146,"column":30}}],"line":140},"25":{"loc":{"start":{"line":151,"column":8},"end":{"line":164,"column":9}},"type":"if","locations":[{"start":{"line":151,"column":8},"end":{"line":164,"column":9}},{"start":{},"end":{}}],"line":151},"26":{"loc":{"start":{"line":151,"column":12},"end":{"line":151,"column":76}},"type":"binary-expr","locations":[{"start":{"line":151,"column":12},"end":{"line":151,"column":32}},{"start":{"line":151,"column":36},"end":{"line":151,"column":44}},{"start":{"line":151,"column":48},"end":{"line":151,"column":76}}],"line":151},"27":{"loc":{"start":{"line":155,"column":10},"end":{"line":163,"column":11}},"type":"if","locations":[{"start":{"line":155,"column":10},"end":{"line":163,"column":11}},{"start":{},"end":{}}],"line":155},"28":{"loc":{"start":{"line":155,"column":16},"end":{"line":155,"column":84}},"type":"binary-expr","locations":[{"start":{"line":155,"column":16},"end":{"line":155,"column":53}},{"start":{"line":155,"column":57},"end":{"line":155,"column":84}}],"line":155},"29":{"loc":{"start":{"line":156,"column":12},"end":{"line":162,"column":13}},"type":"if","locations":[{"start":{"line":156,"column":12},"end":{"line":162,"column":13}},{"start":{},"end":{}}],"line":156},"30":{"loc":{"start":{"line":156,"column":16},"end":{"line":156,"column":77}},"type":"binary-expr","locations":[{"start":{"line":156,"column":16},"end":{"line":156,"column":45}},{"start":{"line":156,"column":49},"end":{"line":156,"column":77}}],"line":156},"31":{"loc":{"start":{"line":158,"column":14},"end":{"line":161,"column":15}},"type":"if","locations":[{"start":{"line":158,"column":14},"end":{"line":161,"column":15}},{"start":{},"end":{}}],"line":158},"32":{"loc":{"start":{"line":166,"column":8},"end":{"line":168,"column":9}},"type":"if","locations":[{"start":{"line":166,"column":8},"end":{"line":168,"column":9}},{"start":{},"end":{}}],"line":166},"33":{"loc":{"start":{"line":177,"column":21},"end":{"line":177,"column":59}},"type":"binary-expr","locations":[{"start":{"line":177,"column":21},"end":{"line":177,"column":31}},{"start":{"line":177,"column":35},"end":{"line":177,"column":53}},{"start":{"line":177,"column":57},"end":{"line":177,"column":59}}],"line":177},"34":{"loc":{"start":{"line":178,"column":4},"end":{"line":180,"column":5}},"type":"if","locations":[{"start":{"line":178,"column":4},"end":{"line":180,"column":5}},{"start":{},"end":{}}],"line":178},"35":{"loc":{"start":{"line":185,"column":6},"end":{"line":185,"column":66}},"type":"if","locations":[{"start":{"line":185,"column":6},"end":{"line":185,"column":66}},{"start":{},"end":{}}],"line":185},"36":{"loc":{"start":{"line":185,"column":10},"end":{"line":185,"column":57}},"type":"binary-expr","locations":[{"start":{"line":185,"column":10},"end":{"line":185,"column":15}},{"start":{"line":185,"column":19},"end":{"line":185,"column":43}},{"start":{"line":185,"column":47},"end":{"line":185,"column":57}}],"line":185},"37":{"loc":{"start":{"line":190,"column":6},"end":{"line":200,"column":7}},"type":"if","locations":[{"start":{"line":190,"column":6},"end":{"line":200,"column":7}},{"start":{},"end":{}}],"line":190},"38":{"loc":{"start":{"line":191,"column":8},"end":{"line":197,"column":28}},"type":"binary-expr","locations":[{"start":{"line":191,"column":8},"end":{"line":191,"column":28}},{"start":{"line":192,"column":8},"end":{"line":192,"column":34}},{"start":{"line":193,"column":8},"end":{"line":193,"column":32}},{"start":{"line":194,"column":8},"end":{"line":194,"column":41}},{"start":{"line":195,"column":8},"end":{"line":195,"column":41}},{"start":{"line":196,"column":8},"end":{"line":196,"column":39}},{"start":{"line":197,"column":8},"end":{"line":197,"column":28}}],"line":191},"39":{"loc":{"start":{"line":204,"column":6},"end":{"line":258,"column":7}},"type":"if","locations":[{"start":{"line":204,"column":6},"end":{"line":258,"column":7}},{"start":{},"end":{}}],"line":204},"40":{"loc":{"start":{"line":204,"column":10},"end":{"line":204,"column":74}},"type":"binary-expr","locations":[{"start":{"line":204,"column":10},"end":{"line":204,"column":30}},{"start":{"line":204,"column":34},"end":{"line":204,"column":42}},{"start":{"line":204,"column":46},"end":{"line":204,"column":74}}],"line":204},"41":{"loc":{"start":{"line":208,"column":8},"end":{"line":257,"column":9}},"type":"if","locations":[{"start":{"line":208,"column":8},"end":{"line":257,"column":9}},{"start":{},"end":{}}],"line":208},"42":{"loc":{"start":{"line":208,"column":14},"end":{"line":208,"column":82}},"type":"binary-expr","locations":[{"start":{"line":208,"column":14},"end":{"line":208,"column":51}},{"start":{"line":208,"column":55},"end":{"line":208,"column":82}}],"line":208},"43":{"loc":{"start":{"line":212,"column":10},"end":{"line":251,"column":11}},"type":"if","locations":[{"start":{"line":212,"column":10},"end":{"line":251,"column":11}},{"start":{"line":218,"column":17},"end":{"line":251,"column":11}}],"line":212},"44":{"loc":{"start":{"line":212,"column":14},"end":{"line":212,"column":75}},"type":"binary-expr","locations":[{"start":{"line":212,"column":14},"end":{"line":212,"column":43}},{"start":{"line":212,"column":47},"end":{"line":212,"column":75}}],"line":212},"45":{"loc":{"start":{"line":213,"column":12},"end":{"line":216,"column":13}},"type":"if","locations":[{"start":{"line":213,"column":12},"end":{"line":216,"column":13}},{"start":{},"end":{}}],"line":213},"46":{"loc":{"start":{"line":223,"column":14},"end":{"line":234,"column":15}},"type":"if","locations":[{"start":{"line":223,"column":14},"end":{"line":234,"column":15}},{"start":{},"end":{}}],"line":223},"47":{"loc":{"start":{"line":225,"column":16},"end":{"line":232,"column":17}},"type":"if","locations":[{"start":{"line":225,"column":16},"end":{"line":232,"column":17}},{"start":{},"end":{}}],"line":225},"48":{"loc":{"start":{"line":238,"column":12},"end":{"line":250,"column":13}},"type":"if","locations":[{"start":{"line":238,"column":12},"end":{"line":250,"column":13}},{"start":{},"end":{}}],"line":238},"49":{"loc":{"start":{"line":239,"column":42},"end":{"line":239,"column":103}},"type":"cond-expr","locations":[{"start":{"line":239,"column":72},"end":{"line":239,"column":83}},{"start":{"line":239,"column":86},"end":{"line":239,"column":103}}],"line":239},"50":{"loc":{"start":{"line":243,"column":16},"end":{"line":245,"column":46}},"type":"binary-expr","locations":[{"start":{"line":243,"column":16},"end":{"line":243,"column":45}},{"start":{"line":244,"column":16},"end":{"line":244,"column":53}},{"start":{"line":245,"column":16},"end":{"line":245,"column":46}}],"line":243},"51":{"loc":{"start":{"line":247,"column":14},"end":{"line":249,"column":15}},"type":"if","locations":[{"start":{"line":247,"column":14},"end":{"line":249,"column":15}},{"start":{},"end":{}}],"line":247},"52":{"loc":{"start":{"line":254,"column":10},"end":{"line":256,"column":11}},"type":"if","locations":[{"start":{"line":254,"column":10},"end":{"line":256,"column":11}},{"start":{},"end":{}}],"line":254},"53":{"loc":{"start":{"line":262,"column":6},"end":{"line":266,"column":7}},"type":"if","locations":[{"start":{"line":262,"column":6},"end":{"line":266,"column":7}},{"start":{},"end":{}}],"line":262}},"s":{"0":0,"1":0,"2":0,"3":0,"4":0,"5":0,"6":0,"7":0,"8":0,"9":0,"10":0,"11":0,"12":0,"13":0,"14":0,"15":0,"16":0,"17":0,"18":0,"19":0,"20":0,"21":0,"22":0,"23":0,"24":0,"25":0,"26":0,"27":0,"28":0,"29":0,"30":0,"31":0,"32":0,"33":0,"34":0,"35":0,"36":0,"37":0,"38":0,"39":0,"40":0,"41":0,"42":0,"43":0,"44":0,"45":0,"46":0,"47":0,"48":0,"49":0,"50":0,"51":0,"52":0,"53":0,"54":0,"55":0,"56":0,"57":0,"58":0,"59":0,"60":0,"61":0,"62":0,"63":0,"64":0,"65":0,"66":0,"67":0,"68":0,"69":0,"70":0,"71":0,"72":0,"73":0,"74":0,"75":0,"76":0,"77":0,"78":0,"79":0,"80":0,"81":0,"82":0,"83":0,"84":0,"85":0,"86":0,"87":0,"88":0,"89":0,"90":0,"91":0,"92":0,"93":0,"94":0,"95":0,"96":0,"97":0,"98":0,"99":0,"100":0,"101":0,"102":0,"103":0},"f":{"0":0,"1":0,"2":0,"3":0,"4":0,"5":0,"6":0,"7":0},"b":{"0":[0,0],"1":[0,0],"2":[0,0],"3":[0,0],"4":[0,0],"5":[0,0],"6":[0,0],"7":[0,0],"8":[0,0],"9":[0,0],"10":[0,0],"11":[0,0],"12":[0,0],"13":[0,0],"14":[0,0],"15":[0,0,0],"16":[0,0],"17":[0,0],"18":[0,0],"19":[0,0,0],"20":[0,0],"21":[0,0],"22":[0,0,0],"23":[0,0],"24":[0,0,0,0,0,0,0],"25":[0,0],"26":[0,0,0],"27":[0,0],"28":[0,0],"29":[0,0],"30":[0,0],"31":[0,0],"32":[0,0],"33":[0,0,0],"34":[0,0],"35":[0,0],"36":[0,0,0],"37":[0,0],"38":[0,0,0,0,0,0,0],"39":[0,0],"40":[0,0,0],"41":[0,0],"42":[0,0],"43":[0,0],"44":[0,0],"45":[0,0],"46":[0,0],"47":[0,0],"48":[0,0],"49":[0,0],"50":[0,0,0],"51":[0,0],"52":[0,0],"53":[0,0]}}
,"/Users/harriebickle/GitHub/Consensys/docs-template/scripts/pipeline/port-content.js": {"path":"/Users/harriebickle/GitHub/Consensys/docs-template/scripts/pipeline/port-content.js","statementMap":{"0":{"start":{"line":11,"column":0},"end":{"line":11,"column":27}},"1":{"start":{"line":13,"column":28},"end":{"line":13,"column":52}},"2":{"start":{"line":14,"column":13},"end":{"line":14,"column":28}},"3":{"start":{"line":15,"column":11},"end":{"line":15,"column":24}},"4":{"start":{"line":18,"column":21},"end":{"line":18,"column":56}},"5":{"start":{"line":19,"column":24},"end":{"line":19,"column":124}},"6":{"start":{"line":20,"column":17},"end":{"line":20,"column":64}},"7":{"start":{"line":21,"column":20},"end":{"line":21,"column":63}},"8":{"start":{"line":25,"column":2},"end":{"line":33,"column":3}},"9":{"start":{"line":26,"column":4},"end":{"line":28,"column":5}},"10":{"start":{"line":27,"column":6},"end":{"line":27,"column":50}},"11":{"start":{"line":29,"column":20},"end":{"line":29,"column":48}},"12":{"start":{"line":30,"column":4},"end":{"line":30,"column":55}},"13":{"start":{"line":32,"column":4},"end":{"line":32,"column":71}},"14":{"start":{"line":40,"column":16},"end":{"line":40,"column":65}},"15":{"start":{"line":41,"column":2},"end":{"line":48,"column":3}},"16":{"start":{"line":42,"column":4},"end":{"line":42,"column":92}},"17":{"start":{"line":43,"column":4},"end":{"line":43,"column":85}},"18":{"start":{"line":44,"column":4},"end":{"line":44,"column":89}},"19":{"start":{"line":45,"column":4},"end":{"line":45,"column":75}},"20":{"start":{"line":46,"column":4},"end":{"line":46,"column":90}},"21":{"start":{"line":47,"column":4},"end":{"line":47,"column":21}},"22":{"start":{"line":55,"column":2},"end":{"line":85,"column":5}},"23":{"start":{"line":56,"column":22},"end":{"line":56,"column":32}},"24":{"start":{"line":57,"column":4},"end":{"line":57,"column":64}},"25":{"start":{"line":59,"column":17},"end":{"line":62,"column":6}},"26":{"start":{"line":64,"column":20},"end":{"line":68,"column":17}},"27":{"start":{"line":65,"column":6},"end":{"line":65,"column":27}},"28":{"start":{"line":66,"column":22},"end":{"line":66,"column":66}},"29":{"start":{"line":67,"column":6},"end":{"line":67,"column":93}},"30":{"start":{"line":70,"column":4},"end":{"line":79,"column":7}},"31":{"start":{"line":71,"column":6},"end":{"line":71,"column":28}},"32":{"start":{"line":72,"column":22},"end":{"line":72,"column":66}},"33":{"start":{"line":73,"column":6},"end":{"line":78,"column":7}},"34":{"start":{"line":74,"column":8},"end":{"line":74,"column":53}},"35":{"start":{"line":75,"column":8},"end":{"line":75,"column":18}},"36":{"start":{"line":77,"column":8},"end":{"line":77,"column":110}},"37":{"start":{"line":81,"column":4},"end":{"line":84,"column":7}},"38":{"start":{"line":82,"column":6},"end":{"line":82,"column":28}},"39":{"start":{"line":83,"column":6},"end":{"line":83,"column":18}},"40":{"start":{"line":92,"column":2},"end":{"line":92,"column":69}},"41":{"start":{"line":93,"column":2},"end":{"line":93,"column":55}},"42":{"start":{"line":96,"column":2},"end":{"line":96,"column":21}},"43":{"start":{"line":98,"column":19},"end":{"line":103,"column":3}},"44":{"start":{"line":105,"column":2},"end":{"line":139,"column":3}},"45":{"start":{"line":106,"column":4},"end":{"line":112,"column":5}},"46":{"start":{"line":107,"column":6},"end":{"line":107,"column":52}},"47":{"start":{"line":108,"column":6},"end":{"line":111,"column":17}},"48":{"start":{"line":114,"column":4},"end":{"line":114,"column":63}},"49":{"start":{"line":115,"column":4},"end":{"line":115,"column":142}},"50":{"start":{"line":117,"column":25},"end":{"line":117,"column":55}},"51":{"start":{"line":120,"column":4},"end":{"line":137,"column":5}},"52":{"start":{"line":121,"column":6},"end":{"line":121,"column":59}},"53":{"start":{"line":122,"column":6},"end":{"line":122,"column":24}},"54":{"start":{"line":123,"column":6},"end":{"line":123,"column":37}},"55":{"start":{"line":124,"column":6},"end":{"line":124,"column":60}},"56":{"start":{"line":125,"column":6},"end":{"line":125,"column":67}},"57":{"start":{"line":126,"column":6},"end":{"line":126,"column":58}},"58":{"start":{"line":127,"column":6},"end":{"line":127,"column":80}},"59":{"start":{"line":128,"column":6},"end":{"line":128,"column":24}},"60":{"start":{"line":129,"column":6},"end":{"line":129,"column":131}},"61":{"start":{"line":130,"column":11},"end":{"line":137,"column":5}},"62":{"start":{"line":131,"column":6},"end":{"line":131,"column":62}},"63":{"start":{"line":132,"column":6},"end":{"line":132,"column":87}},"64":{"start":{"line":133,"column":6},"end":{"line":133,"column":79}},"65":{"start":{"line":135,"column":6},"end":{"line":135,"column":77}},"66":{"start":{"line":136,"column":6},"end":{"line":136,"column":119}},"67":{"start":{"line":138,"column":4},"end":{"line":138,"column":16}},"68":{"start":{"line":146,"column":16},"end":{"line":146,"column":18}},"69":{"start":{"line":148,"column":2},"end":{"line":150,"column":3}},"70":{"start":{"line":149,"column":4},"end":{"line":149,"column":17}},"71":{"start":{"line":152,"column":18},"end":{"line":152,"column":62}},"72":{"start":{"line":153,"column":2},"end":{"line":160,"column":3}},"73":{"start":{"line":154,"column":21},"end":{"line":154,"column":47}},"74":{"start":{"line":155,"column":4},"end":{"line":159,"column":5}},"75":{"start":{"line":156,"column":6},"end":{"line":156,"column":51}},"76":{"start":{"line":157,"column":11},"end":{"line":159,"column":5}},"77":{"start":{"line":158,"column":6},"end":{"line":158,"column":27}},"78":{"start":{"line":162,"column":2},"end":{"line":162,"column":15}},"79":{"start":{"line":172,"column":17},"end":{"line":172,"column":22}},"80":{"start":{"line":173,"column":21},"end":{"line":173,"column":23}},"81":{"start":{"line":176,"column":2},"end":{"line":185,"column":4}},"82":{"start":{"line":179,"column":6},"end":{"line":179,"column":22}},"83":{"start":{"line":180,"column":23},"end":{"line":180,"column":49}},"84":{"start":{"line":181,"column":22},"end":{"line":181,"column":54}},"85":{"start":{"line":182,"column":6},"end":{"line":182,"column":90}},"86":{"start":{"line":183,"column":6},"end":{"line":183,"column":37}},"87":{"start":{"line":188,"column":2},"end":{"line":197,"column":4}},"88":{"start":{"line":191,"column":6},"end":{"line":191,"column":22}},"89":{"start":{"line":192,"column":23},"end":{"line":192,"column":49}},"90":{"start":{"line":193,"column":22},"end":{"line":193,"column":77}},"91":{"start":{"line":194,"column":6},"end":{"line":194,"column":74}},"92":{"start":{"line":195,"column":6},"end":{"line":195,"column":21}},"93":{"start":{"line":200,"column":2},"end":{"line":209,"column":4}},"94":{"start":{"line":203,"column":6},"end":{"line":203,"column":22}},"95":{"start":{"line":204,"column":23},"end":{"line":204,"column":49}},"96":{"start":{"line":205,"column":22},"end":{"line":205,"column":60}},"97":{"start":{"line":206,"column":6},"end":{"line":206,"column":74}},"98":{"start":{"line":207,"column":6},"end":{"line":207,"column":21}},"99":{"start":{"line":211,"column":2},"end":{"line":211,"column":43}},"100":{"start":{"line":219,"column":20},"end":{"line":219,"column":58}},"101":{"start":{"line":220,"column":28},"end":{"line":220,"column":75}},"102":{"start":{"line":223,"column":2},"end":{"line":228,"column":3}},"103":{"start":{"line":224,"column":4},"end":{"line":224,"column":29}},"104":{"start":{"line":225,"column":4},"end":{"line":225,"column":86}},"105":{"start":{"line":226,"column":4},"end":{"line":226,"column":109}},"106":{"start":{"line":227,"column":4},"end":{"line":227,"column":11}},"107":{"start":{"line":231,"column":2},"end":{"line":235,"column":3}},"108":{"start":{"line":232,"column":4},"end":{"line":232,"column":48}},"109":{"start":{"line":233,"column":4},"end":{"line":233,"column":62}},"110":{"start":{"line":234,"column":4},"end":{"line":234,"column":118}},"111":{"start":{"line":242,"column":2},"end":{"line":268,"column":3}},"112":{"start":{"line":243,"column":4},"end":{"line":265,"column":5}},"113":{"start":{"line":244,"column":25},"end":{"line":244,"column":73}},"114":{"start":{"line":245,"column":22},"end":{"line":245,"column":47}},"115":{"start":{"line":246,"column":19},"end":{"line":246,"column":49}},"116":{"start":{"line":247,"column":22},"end":{"line":247,"column":43}},"117":{"start":{"line":251,"column":6},"end":{"line":261,"column":7}},"118":{"start":{"line":252,"column":8},"end":{"line":252,"column":43}},"119":{"start":{"line":253,"column":13},"end":{"line":261,"column":7}},"120":{"start":{"line":254,"column":24},"end":{"line":254,"column":48}},"121":{"start":{"line":255,"column":24},"end":{"line":255,"column":48}},"122":{"start":{"line":256,"column":8},"end":{"line":256,"column":44}},"123":{"start":{"line":258,"column":22},"end":{"line":258,"column":48}},"124":{"start":{"line":259,"column":24},"end":{"line":259,"column":57}},"125":{"start":{"line":260,"column":8},"end":{"line":260,"column":42}},"126":{"start":{"line":263,"column":6},"end":{"line":263,"column":74}},"127":{"start":{"line":264,"column":6},"end":{"line":264,"column":79}},"128":{"start":{"line":275,"column":2},"end":{"line":289,"column":3}},"129":{"start":{"line":276,"column":4},"end":{"line":278,"column":5}},"130":{"start":{"line":277,"column":6},"end":{"line":277,"column":50}},"131":{"start":{"line":280,"column":23},"end":{"line":284,"column":5}},"132":{"start":{"line":286,"column":4},"end":{"line":286,"column":79}},"133":{"start":{"line":288,"column":4},"end":{"line":288,"column":73}},"134":{"start":{"line":296,"column":2},"end":{"line":296,"column":40}},"135":{"start":{"line":298,"column":17},"end":{"line":298,"column":19}},"136":{"start":{"line":301,"column":18},"end":{"line":301,"column":49}},"137":{"start":{"line":302,"column":2},"end":{"line":308,"column":3}},"138":{"start":{"line":303,"column":4},"end":{"line":303,"column":40}},"139":{"start":{"line":304,"column":4},"end":{"line":304,"column":53}},"140":{"start":{"line":306,"column":4},"end":{"line":306,"column":91}},"141":{"start":{"line":307,"column":4},"end":{"line":307,"column":69}},"142":{"start":{"line":311,"column":26},"end":{"line":311,"column":65}},"143":{"start":{"line":312,"column":2},"end":{"line":318,"column":3}},"144":{"start":{"line":313,"column":4},"end":{"line":313,"column":43}},"145":{"start":{"line":314,"column":4},"end":{"line":314,"column":56}},"146":{"start":{"line":316,"column":4},"end":{"line":316,"column":73}},"147":{"start":{"line":317,"column":4},"end":{"line":317,"column":57}},"148":{"start":{"line":321,"column":21},"end":{"line":321,"column":68}},"149":{"start":{"line":322,"column":2},"end":{"line":328,"column":3}},"150":{"start":{"line":323,"column":4},"end":{"line":323,"column":51}},"151":{"start":{"line":324,"column":4},"end":{"line":324,"column":64}},"152":{"start":{"line":326,"column":4},"end":{"line":326,"column":55}},"153":{"start":{"line":327,"column":4},"end":{"line":327,"column":65}},"154":{"start":{"line":330,"column":17},"end":{"line":330,"column":60}},"155":{"start":{"line":330,"column":36},"end":{"line":330,"column":59}},"156":{"start":{"line":331,"column":2},"end":{"line":335,"column":3}},"157":{"start":{"line":332,"column":4},"end":{"line":332,"column":50}},"158":{"start":{"line":333,"column":4},"end":{"line":333,"column":76}},"159":{"start":{"line":333,"column":28},"end":{"line":333,"column":74}},"160":{"start":{"line":334,"column":4},"end":{"line":334,"column":47}},"161":{"start":{"line":337,"column":2},"end":{"line":337,"column":48}},"162":{"start":{"line":344,"column":2},"end":{"line":344,"column":50}},"163":{"start":{"line":346,"column":2},"end":{"line":350,"column":3}},"164":{"start":{"line":347,"column":4},"end":{"line":347,"column":81}},"165":{"start":{"line":348,"column":4},"end":{"line":348,"column":51}},"166":{"start":{"line":349,"column":4},"end":{"line":349,"column":11}},"167":{"start":{"line":352,"column":2},"end":{"line":352,"column":62}},"168":{"start":{"line":355,"column":2},"end":{"line":355,"column":20}},"169":{"start":{"line":357,"column":16},"end":{"line":357,"column":52}},"170":{"start":{"line":358,"column":2},"end":{"line":358,"column":74}},"171":{"start":{"line":360,"column":2},"end":{"line":363,"column":3}},"172":{"start":{"line":361,"column":4},"end":{"line":361,"column":52}},"173":{"start":{"line":362,"column":4},"end":{"line":362,"column":11}},"174":{"start":{"line":365,"column":24},"end":{"line":365,"column":25}},"175":{"start":{"line":366,"column":24},"end":{"line":366,"column":26}},"176":{"start":{"line":367,"column":19},"end":{"line":367,"column":50}},"177":{"start":{"line":369,"column":2},"end":{"line":400,"column":5}},"178":{"start":{"line":370,"column":4},"end":{"line":372,"column":5}},"179":{"start":{"line":371,"column":6},"end":{"line":371,"column":72}},"180":{"start":{"line":374,"column":4},"end":{"line":399,"column":5}},"181":{"start":{"line":375,"column":20},"end":{"line":375,"column":53}},"182":{"start":{"line":376,"column":30},"end":{"line":376,"column":37}},"183":{"start":{"line":377,"column":31},"end":{"line":377,"column":64}},"184":{"start":{"line":380,"column":75},"end":{"line":380,"column":107}},"185":{"start":{"line":381,"column":6},"end":{"line":381,"column":27}},"186":{"start":{"line":383,"column":6},"end":{"line":395,"column":7}},"187":{"start":{"line":384,"column":8},"end":{"line":384,"column":45}},"188":{"start":{"line":385,"column":8},"end":{"line":392,"column":11}},"189":{"start":{"line":386,"column":10},"end":{"line":391,"column":13}},"190":{"start":{"line":394,"column":8},"end":{"line":394,"column":52}},"191":{"start":{"line":397,"column":6},"end":{"line":397,"column":75}},"192":{"start":{"line":398,"column":6},"end":{"line":398,"column":98}},"193":{"start":{"line":403,"column":2},"end":{"line":413,"column":3}},"194":{"start":{"line":404,"column":25},"end":{"line":404,"column":68}},"195":{"start":{"line":405,"column":28},"end":{"line":407,"column":16}},"196":{"start":{"line":406,"column":6},"end":{"line":406,"column":98}},"197":{"start":{"line":408,"column":4},"end":{"line":408,"column":128}},"198":{"start":{"line":409,"column":4},"end":{"line":409,"column":63}},"199":{"start":{"line":410,"column":4},"end":{"line":410,"column":86}},"200":{"start":{"line":412,"column":4},"end":{"line":412,"column":46}},"201":{"start":{"line":415,"column":2},"end":{"line":415,"column":136}},"202":{"start":{"line":422,"column":20},"end":{"line":422,"column":30}},"203":{"start":{"line":423,"column":2},"end":{"line":423,"column":55}},"204":{"start":{"line":424,"column":2},"end":{"line":424,"column":50}},"205":{"start":{"line":425,"column":2},"end":{"line":425,"column":56}},"206":{"start":{"line":426,"column":2},"end":{"line":426,"column":44}},"207":{"start":{"line":429,"column":2},"end":{"line":429,"column":29}},"208":{"start":{"line":432,"column":2},"end":{"line":437,"column":3}},"209":{"start":{"line":433,"column":4},"end":{"line":433,"column":20}},"210":{"start":{"line":435,"column":4},"end":{"line":435,"column":93}},"211":{"start":{"line":436,"column":4},"end":{"line":436,"column":20}},"212":{"start":{"line":440,"column":21},"end":{"line":440,"column":92}},"213":{"start":{"line":441,"column":19},"end":{"line":441,"column":51}},"214":{"start":{"line":443,"column":2},"end":{"line":513,"column":3}},"215":{"start":{"line":445,"column":4},"end":{"line":445,"column":34}},"216":{"start":{"line":448,"column":4},"end":{"line":448,"column":27}},"217":{"start":{"line":450,"column":20},"end":{"line":450,"column":64}},"218":{"start":{"line":451,"column":27},"end":{"line":451,"column":46}},"219":{"start":{"line":454,"column":4},"end":{"line":454,"column":34}},"220":{"start":{"line":458,"column":4},"end":{"line":468,"column":5}},"221":{"start":{"line":459,"column":6},"end":{"line":459,"column":30}},"222":{"start":{"line":460,"column":11},"end":{"line":468,"column":5}},"223":{"start":{"line":461,"column":22},"end":{"line":461,"column":53}},"224":{"start":{"line":462,"column":22},"end":{"line":462,"column":53}},"225":{"start":{"line":463,"column":6},"end":{"line":463,"column":42}},"226":{"start":{"line":465,"column":20},"end":{"line":465,"column":53}},"227":{"start":{"line":466,"column":22},"end":{"line":466,"column":62}},"228":{"start":{"line":467,"column":6},"end":{"line":467,"column":40}},"229":{"start":{"line":470,"column":4},"end":{"line":470,"column":69}},"230":{"start":{"line":472,"column":4},"end":{"line":501,"column":5}},"231":{"start":{"line":474,"column":6},"end":{"line":474,"column":71}},"232":{"start":{"line":475,"column":25},"end":{"line":475,"column":35}},"233":{"start":{"line":476,"column":6},"end":{"line":490,"column":7}},"234":{"start":{"line":477,"column":8},"end":{"line":481,"column":11}},"235":{"start":{"line":482,"column":29},"end":{"line":482,"column":74}},"236":{"start":{"line":483,"column":8},"end":{"line":483,"column":76}},"237":{"start":{"line":485,"column":29},"end":{"line":485,"column":74}},"238":{"start":{"line":486,"column":8},"end":{"line":486,"column":65}},"239":{"start":{"line":487,"column":8},"end":{"line":487,"column":92}},"240":{"start":{"line":488,"column":8},"end":{"line":488,"column":104}},"241":{"start":{"line":489,"column":8},"end":{"line":489,"column":24}},"242":{"start":{"line":491,"column":11},"end":{"line":501,"column":5}},"243":{"start":{"line":493,"column":6},"end":{"line":493,"column":51}},"244":{"start":{"line":494,"column":6},"end":{"line":498,"column":9}},"245":{"start":{"line":500,"column":6},"end":{"line":500,"column":68}},"246":{"start":{"line":503,"column":20},"end":{"line":503,"column":64}},"247":{"start":{"line":504,"column":27},"end":{"line":504,"column":46}},"248":{"start":{"line":507,"column":4},"end":{"line":507,"column":34}},"249":{"start":{"line":509,"column":4},"end":{"line":509,"column":71}},"250":{"start":{"line":510,"column":4},"end":{"line":510,"column":48}},"251":{"start":{"line":511,"column":4},"end":{"line":511,"column":107}},"252":{"start":{"line":512,"column":4},"end":{"line":512,"column":20}},"253":{"start":{"line":517,"column":0},"end":{"line":519,"column":1}},"254":{"start":{"line":518,"column":2},"end":{"line":518,"column":9}},"255":{"start":{"line":521,"column":0},"end":{"line":529,"column":2}}},"fnMap":{"0":{"name":"logToFile","decl":{"start":{"line":24,"column":9},"end":{"line":24,"column":18}},"loc":{"start":{"line":24,"column":37},"end":{"line":34,"column":1}},"line":24},"1":{"name":"checkGitHubToken","decl":{"start":{"line":39,"column":9},"end":{"line":39,"column":25}},"loc":{"start":{"line":39,"column":28},"end":{"line":49,"column":1}},"line":39},"2":{"name":"runCommandWithTimeout","decl":{"start":{"line":54,"column":9},"end":{"line":54,"column":30}},"loc":{"start":{"line":54,"column":75},"end":{"line":86,"column":1}},"line":54},"3":{"name":"(anonymous_3)","decl":{"start":{"line":55,"column":21},"end":{"line":55,"column":22}},"loc":{"start":{"line":55,"column":42},"end":{"line":85,"column":3}},"line":55},"4":{"name":"(anonymous_4)","decl":{"start":{"line":64,"column":31},"end":{"line":64,"column":32}},"loc":{"start":{"line":64,"column":37},"end":{"line":68,"column":5}},"line":64},"5":{"name":"(anonymous_5)","decl":{"start":{"line":70,"column":21},"end":{"line":70,"column":22}},"loc":{"start":{"line":70,"column":31},"end":{"line":79,"column":5}},"line":70},"6":{"name":"(anonymous_6)","decl":{"start":{"line":81,"column":21},"end":{"line":81,"column":22}},"loc":{"start":{"line":81,"column":30},"end":{"line":84,"column":5}},"line":81},"7":{"name":"downloadRemoteContent","decl":{"start":{"line":91,"column":15},"end":{"line":91,"column":36}},"loc":{"start":{"line":91,"column":39},"end":{"line":140,"column":1}},"line":91},"8":{"name":"getAllMarkdownFiles","decl":{"start":{"line":145,"column":9},"end":{"line":145,"column":28}},"loc":{"start":{"line":145,"column":34},"end":{"line":163,"column":1}},"line":145},"9":{"name":"fixImagePaths","decl":{"start":{"line":171,"column":9},"end":{"line":171,"column":22}},"loc":{"start":{"line":171,"column":42},"end":{"line":212,"column":1}},"line":171},"10":{"name":"(anonymous_10)","decl":{"start":{"line":178,"column":4},"end":{"line":178,"column":5}},"loc":{"start":{"line":178,"column":37},"end":{"line":184,"column":5}},"line":178},"11":{"name":"(anonymous_11)","decl":{"start":{"line":190,"column":4},"end":{"line":190,"column":5}},"loc":{"start":{"line":190,"column":32},"end":{"line":196,"column":5}},"line":190},"12":{"name":"(anonymous_12)","decl":{"start":{"line":202,"column":4},"end":{"line":202,"column":5}},"loc":{"start":{"line":202,"column":32},"end":{"line":208,"column":5}},"line":202},"13":{"name":"renameIndexFile","decl":{"start":{"line":218,"column":9},"end":{"line":218,"column":24}},"loc":{"start":{"line":218,"column":27},"end":{"line":236,"column":1}},"line":218},"14":{"name":"displayPreviousRunTiming","decl":{"start":{"line":241,"column":9},"end":{"line":241,"column":33}},"loc":{"start":{"line":241,"column":36},"end":{"line":269,"column":1}},"line":241},"15":{"name":"saveRunTiming","decl":{"start":{"line":274,"column":9},"end":{"line":274,"column":22}},"loc":{"start":{"line":274,"column":39},"end":{"line":290,"column":1}},"line":274},"16":{"name":"validateSetup","decl":{"start":{"line":295,"column":9},"end":{"line":295,"column":22}},"loc":{"start":{"line":295,"column":25},"end":{"line":338,"column":1}},"line":295},"17":{"name":"(anonymous_17)","decl":{"start":{"line":330,"column":31},"end":{"line":330,"column":32}},"loc":{"start":{"line":330,"column":36},"end":{"line":330,"column":59}},"line":330},"18":{"name":"(anonymous_18)","decl":{"start":{"line":333,"column":19},"end":{"line":333,"column":20}},"loc":{"start":{"line":333,"column":28},"end":{"line":333,"column":74}},"line":333},"19":{"name":"applyTransformations","decl":{"start":{"line":343,"column":9},"end":{"line":343,"column":29}},"loc":{"start":{"line":343,"column":32},"end":{"line":416,"column":1}},"line":343},"20":{"name":"(anonymous_20)","decl":{"start":{"line":369,"column":16},"end":{"line":369,"column":17}},"loc":{"start":{"line":369,"column":37},"end":{"line":400,"column":3}},"line":369},"21":{"name":"(anonymous_21)","decl":{"start":{"line":385,"column":27},"end":{"line":385,"column":28}},"loc":{"start":{"line":385,"column":34},"end":{"line":392,"column":9}},"line":385},"22":{"name":"(anonymous_22)","decl":{"start":{"line":405,"column":46},"end":{"line":405,"column":47}},"loc":{"start":{"line":406,"column":6},"end":{"line":406,"column":98}},"line":406},"23":{"name":"main","decl":{"start":{"line":421,"column":15},"end":{"line":421,"column":19}},"loc":{"start":{"line":421,"column":22},"end":{"line":514,"column":1}},"line":421}},"branchMap":{"0":{"loc":{"start":{"line":26,"column":4},"end":{"line":28,"column":5}},"type":"if","locations":[{"start":{"line":26,"column":4},"end":{"line":28,"column":5}},{"start":{},"end":{}}],"line":26},"1":{"loc":{"start":{"line":40,"column":16},"end":{"line":40,"column":65}},"type":"binary-expr","locations":[{"start":{"line":40,"column":16},"end":{"line":40,"column":40}},{"start":{"line":40,"column":44},"end":{"line":40,"column":65}}],"line":40},"2":{"loc":{"start":{"line":41,"column":2},"end":{"line":48,"column":3}},"type":"if","locations":[{"start":{"line":41,"column":2},"end":{"line":48,"column":3}},{"start":{},"end":{}}],"line":41},"3":{"loc":{"start":{"line":54,"column":55},"end":{"line":54,"column":73}},"type":"default-arg","locations":[{"start":{"line":54,"column":67},"end":{"line":54,"column":73}}],"line":54},"4":{"loc":{"start":{"line":73,"column":6},"end":{"line":78,"column":7}},"type":"if","locations":[{"start":{"line":73,"column":6},"end":{"line":78,"column":7}},{"start":{"line":76,"column":13},"end":{"line":78,"column":7}}],"line":73},"5":{"loc":{"start":{"line":117,"column":25},"end":{"line":117,"column":55}},"type":"binary-expr","locations":[{"start":{"line":117,"column":25},"end":{"line":117,"column":38}},{"start":{"line":117,"column":42},"end":{"line":117,"column":55}}],"line":117},"6":{"loc":{"start":{"line":120,"column":4},"end":{"line":137,"column":5}},"type":"if","locations":[{"start":{"line":120,"column":4},"end":{"line":137,"column":5}},{"start":{"line":130,"column":11},"end":{"line":137,"column":5}}],"line":120},"7":{"loc":{"start":{"line":120,"column":8},"end":{"line":120,"column":75}},"type":"binary-expr","locations":[{"start":{"line":120,"column":8},"end":{"line":120,"column":43}},{"start":{"line":120,"column":47},"end":{"line":120,"column":75}}],"line":120},"8":{"loc":{"start":{"line":130,"column":11},"end":{"line":137,"column":5}},"type":"if","locations":[{"start":{"line":130,"column":11},"end":{"line":137,"column":5}},{"start":{"line":134,"column":11},"end":{"line":137,"column":5}}],"line":130},"9":{"loc":{"start":{"line":136,"column":98},"end":{"line":136,"column":115}},"type":"binary-expr","locations":[{"start":{"line":136,"column":98},"end":{"line":136,"column":109}},{"start":{"line":136,"column":113},"end":{"line":136,"column":115}}],"line":136},"10":{"loc":{"start":{"line":148,"column":2},"end":{"line":150,"column":3}},"type":"if","locations":[{"start":{"line":148,"column":2},"end":{"line":150,"column":3}},{"start":{},"end":{}}],"line":148},"11":{"loc":{"start":{"line":155,"column":4},"end":{"line":159,"column":5}},"type":"if","locations":[{"start":{"line":155,"column":4},"end":{"line":159,"column":5}},{"start":{"line":157,"column":11},"end":{"line":159,"column":5}}],"line":155},"12":{"loc":{"start":{"line":157,"column":11},"end":{"line":159,"column":5}},"type":"if","locations":[{"start":{"line":157,"column":11},"end":{"line":159,"column":5}},{"start":{},"end":{}}],"line":157},"13":{"loc":{"start":{"line":157,"column":15},"end":{"line":157,"column":92}},"type":"binary-expr","locations":[{"start":{"line":157,"column":15},"end":{"line":157,"column":29}},{"start":{"line":157,"column":34},"end":{"line":157,"column":60}},{"start":{"line":157,"column":64},"end":{"line":157,"column":91}}],"line":157},"14":{"loc":{"start":{"line":223,"column":2},"end":{"line":228,"column":3}},"type":"if","locations":[{"start":{"line":223,"column":2},"end":{"line":228,"column":3}},{"start":{},"end":{}}],"line":223},"15":{"loc":{"start":{"line":223,"column":6},"end":{"line":223,"column":66}},"type":"binary-expr","locations":[{"start":{"line":223,"column":6},"end":{"line":223,"column":38}},{"start":{"line":223,"column":42},"end":{"line":223,"column":66}}],"line":223},"16":{"loc":{"start":{"line":231,"column":2},"end":{"line":235,"column":3}},"type":"if","locations":[{"start":{"line":231,"column":2},"end":{"line":235,"column":3}},{"start":{},"end":{}}],"line":231},"17":{"loc":{"start":{"line":231,"column":6},"end":{"line":231,"column":67}},"type":"binary-expr","locations":[{"start":{"line":231,"column":6},"end":{"line":231,"column":30}},{"start":{"line":231,"column":34},"end":{"line":231,"column":67}}],"line":231},"18":{"loc":{"start":{"line":243,"column":4},"end":{"line":265,"column":5}},"type":"if","locations":[{"start":{"line":243,"column":4},"end":{"line":265,"column":5}},{"start":{},"end":{}}],"line":243},"19":{"loc":{"start":{"line":251,"column":6},"end":{"line":261,"column":7}},"type":"if","locations":[{"start":{"line":251,"column":6},"end":{"line":261,"column":7}},{"start":{"line":253,"column":13},"end":{"line":261,"column":7}}],"line":251},"20":{"loc":{"start":{"line":253,"column":13},"end":{"line":261,"column":7}},"type":"if","locations":[{"start":{"line":253,"column":13},"end":{"line":261,"column":7}},{"start":{"line":257,"column":13},"end":{"line":261,"column":7}}],"line":253},"21":{"loc":{"start":{"line":276,"column":4},"end":{"line":278,"column":5}},"type":"if","locations":[{"start":{"line":276,"column":4},"end":{"line":278,"column":5}},{"start":{},"end":{}}],"line":276},"22":{"loc":{"start":{"line":302,"column":2},"end":{"line":308,"column":3}},"type":"if","locations":[{"start":{"line":302,"column":2},"end":{"line":308,"column":3}},{"start":{"line":305,"column":9},"end":{"line":308,"column":3}}],"line":302},"23":{"loc":{"start":{"line":312,"column":2},"end":{"line":318,"column":3}},"type":"if","locations":[{"start":{"line":312,"column":2},"end":{"line":318,"column":3}},{"start":{"line":315,"column":9},"end":{"line":318,"column":3}}],"line":312},"24":{"loc":{"start":{"line":322,"column":2},"end":{"line":328,"column":3}},"type":"if","locations":[{"start":{"line":322,"column":2},"end":{"line":328,"column":3}},{"start":{"line":325,"column":9},"end":{"line":328,"column":3}}],"line":322},"25":{"loc":{"start":{"line":330,"column":36},"end":{"line":330,"column":59}},"type":"binary-expr","locations":[{"start":{"line":330,"column":36},"end":{"line":330,"column":45}},{"start":{"line":330,"column":49},"end":{"line":330,"column":59}}],"line":330},"26":{"loc":{"start":{"line":331,"column":2},"end":{"line":335,"column":3}},"type":"if","locations":[{"start":{"line":331,"column":2},"end":{"line":335,"column":3}},{"start":{},"end":{}}],"line":331},"27":{"loc":{"start":{"line":346,"column":2},"end":{"line":350,"column":3}},"type":"if","locations":[{"start":{"line":346,"column":2},"end":{"line":350,"column":3}},{"start":{},"end":{}}],"line":346},"28":{"loc":{"start":{"line":360,"column":2},"end":{"line":363,"column":3}},"type":"if","locations":[{"start":{"line":360,"column":2},"end":{"line":363,"column":3}},{"start":{},"end":{}}],"line":360},"29":{"loc":{"start":{"line":370,"column":4},"end":{"line":372,"column":5}},"type":"if","locations":[{"start":{"line":370,"column":4},"end":{"line":372,"column":5}},{"start":{},"end":{}}],"line":370},"30":{"loc":{"start":{"line":383,"column":6},"end":{"line":395,"column":7}},"type":"if","locations":[{"start":{"line":383,"column":6},"end":{"line":395,"column":7}},{"start":{},"end":{}}],"line":383},"31":{"loc":{"start":{"line":403,"column":2},"end":{"line":413,"column":3}},"type":"if","locations":[{"start":{"line":403,"column":2},"end":{"line":413,"column":3}},{"start":{"line":411,"column":9},"end":{"line":413,"column":3}}],"line":403},"32":{"loc":{"start":{"line":440,"column":21},"end":{"line":440,"column":92}},"type":"binary-expr","locations":[{"start":{"line":440,"column":21},"end":{"line":440,"column":57}},{"start":{"line":440,"column":61},"end":{"line":440,"column":92}}],"line":440},"33":{"loc":{"start":{"line":458,"column":4},"end":{"line":468,"column":5}},"type":"if","locations":[{"start":{"line":458,"column":4},"end":{"line":468,"column":5}},{"start":{"line":460,"column":11},"end":{"line":468,"column":5}}],"line":458},"34":{"loc":{"start":{"line":460,"column":11},"end":{"line":468,"column":5}},"type":"if","locations":[{"start":{"line":460,"column":11},"end":{"line":468,"column":5}},{"start":{"line":464,"column":11},"end":{"line":468,"column":5}}],"line":460},"35":{"loc":{"start":{"line":472,"column":4},"end":{"line":501,"column":5}},"type":"if","locations":[{"start":{"line":472,"column":4},"end":{"line":501,"column":5}},{"start":{"line":491,"column":11},"end":{"line":501,"column":5}}],"line":472},"36":{"loc":{"start":{"line":488,"column":78},"end":{"line":488,"column":100}},"type":"binary-expr","locations":[{"start":{"line":488,"column":78},"end":{"line":488,"column":94}},{"start":{"line":488,"column":98},"end":{"line":488,"column":100}}],"line":488},"37":{"loc":{"start":{"line":491,"column":11},"end":{"line":501,"column":5}},"type":"if","locations":[{"start":{"line":491,"column":11},"end":{"line":501,"column":5}},{"start":{"line":499,"column":11},"end":{"line":501,"column":5}}],"line":491},"38":{"loc":{"start":{"line":511,"column":86},"end":{"line":511,"column":103}},"type":"binary-expr","locations":[{"start":{"line":511,"column":86},"end":{"line":511,"column":97}},{"start":{"line":511,"column":101},"end":{"line":511,"column":103}}],"line":511},"39":{"loc":{"start":{"line":517,"column":0},"end":{"line":519,"column":1}},"type":"if","locations":[{"start":{"line":517,"column":0},"end":{"line":519,"column":1}},{"start":{},"end":{}}],"line":517}},"s":{"0":12,"1":12,"2":12,"3":12,"4":12,"5":12,"6":12,"7":12,"8":0,"9":0,"10":0,"11":0,"12":0,"13":0,"14":3,"15":3,"16":1,"17":1,"18":1,"19":1,"20":1,"21":1,"22":0,"23":0,"24":0,"25":0,"26":0,"27":0,"28":0,"29":0,"30":0,"31":0,"32":0,"33":0,"34":0,"35":0,"36":0,"37":0,"38":0,"39":0,"40":0,"41":0,"42":0,"43":0,"44":0,"45":0,"46":0,"47":0,"48":0,"49":0,"50":0,"51":0,"52":0,"53":0,"54":0,"55":0,"56":0,"57":0,"58":0,"59":0,"60":0,"61":0,"62":0,"63":0,"64":0,"65":0,"66":0,"67":0,"68":0,"69":0,"70":0,"71":0,"72":0,"73":0,"74":0,"75":0,"76":0,"77":0,"78":0,"79":2,"80":2,"81":2,"82":1,"83":1,"84":1,"85":1,"86":1,"87":2,"88":1,"89":1,"90":1,"91":1,"92":1,"93":2,"94":0,"95":0,"96":0,"97":0,"98":0,"99":2,"100":0,"101":0,"102":0,"103":0,"104":0,"105":0,"106":0,"107":0,"108":0,"109":0,"110":0,"111":0,"112":0,"113":0,"114":0,"115":0,"116":0,"117":0,"118":0,"119":0,"120":0,"121":0,"122":0,"123":0,"124":0,"125":0,"126":0,"127":0,"128":0,"129":0,"130":0,"131":0,"132":0,"133":0,"134":1,"135":1,"136":1,"137":1,"138":0,"139":0,"140":1,"141":1,"142":1,"143":1,"144":1,"145":1,"146":0,"147":0,"148":1,"149":1,"150":1,"151":1,"152":0,"153":0,"154":1,"155":3,"156":1,"157":0,"158":0,"159":0,"160":0,"161":1,"162":0,"163":0,"164":0,"165":0,"166":0,"167":0,"168":0,"169":0,"170":0,"171":0,"172":0,"173":0,"174":0,"175":0,"176":0,"177":0,"178":0,"179":0,"180":0,"181":0,"182":0,"183":0,"184":0,"185":0,"186":0,"187":0,"188":0,"189":0,"190":0,"191":0,"192":0,"193":0,"194":0,"195":0,"196":0,"197":0,"198":0,"199":0,"200":0,"201":0,"202":0,"203":0,"204":0,"205":0,"206":0,"207":0,"208":0,"209":0,"210":0,"211":0,"212":0,"213":0,"214":0,"215":0,"216":0,"217":0,"218":0,"219":0,"220":0,"221":0,"222":0,"223":0,"224":0,"225":0,"226":0,"227":0,"228":0,"229":0,"230":0,"231":0,"232":0,"233":0,"234":0,"235":0,"236":0,"237":0,"238":0,"239":0,"240":0,"241":0,"242":0,"243":0,"244":0,"245":0,"246":0,"247":0,"248":0,"249":0,"250":0,"251":0,"252":0,"253":12,"254":0,"255":12},"f":{"0":0,"1":3,"2":0,"3":0,"4":0,"5":0,"6":0,"7":0,"8":0,"9":2,"10":1,"11":1,"12":0,"13":0,"14":0,"15":0,"16":1,"17":3,"18":0,"19":0,"20":0,"21":0,"22":0,"23":0},"b":{"0":[0,0],"1":[3,2],"2":[1,2],"3":[0],"4":[0,0],"5":[0,0],"6":[0,0],"7":[0,0],"8":[0,0],"9":[0,0],"10":[0,0],"11":[0,0],"12":[0,0],"13":[0,0,0],"14":[0,0],"15":[0,0],"16":[0,0],"17":[0,0],"18":[0,0],"19":[0,0],"20":[0,0],"21":[0,0],"22":[0,1],"23":[1,0],"24":[1,0],"25":[3,1],"26":[0,1],"27":[0,0],"28":[0,0],"29":[0,0],"30":[0,0],"31":[0,0],"32":[0,0],"33":[0,0],"34":[0,0],"35":[0,0],"36":[0,0],"37":[0,0],"38":[0,0],"39":[0,12]},"_coverageSchema":"1a1c01bbd47fc00a2c39e90264f33305004495a9","hash":"e8eca766ffa74edbf8f6aa3311d083d0bf0a8cfe"}
}
