TN:
SF:plugins/remark-fix-components.js
FN:11,remarkFixComponents
FN:12,(anonymous_1)
FN:19,traverse
FN:40,(anonymous_3)
FN:49,(anonymous_4)
FN:58,(anonymous_5)
FNF:6
FNH:0
FNDA:0,remarkFixComponents
FNDA:0,(anonymous_1)
FNDA:0,traverse
FNDA:0,(anonymous_3)
FNDA:0,(anonymous_4)
FNDA:0,(anonymous_5)
DA:8,0
DA:9,0
DA:12,0
DA:14,0
DA:15,0
DA:16,0
DA:20,0
DA:23,0
DA:24,0
DA:25,0
DA:28,0
DA:29,0
DA:31,0
DA:38,0
DA:41,0
DA:42,0
DA:47,0
DA:50,0
DA:51,0
DA:56,0
DA:59,0
DA:60,0
DA:64,0
DA:65,0
DA:70,0
DA:73,0
DA:84,0
DA:89,0
DA:95,0
DA:96,0
DA:97,0
DA:98,0
DA:102,0
DA:103,0
DA:107,0
DA:111,0
LF:36
LH:0
BRDA:14,0,0,0
BRDA:14,0,1,0
BRDA:14,0,2,0
BRDA:15,1,0,0
BRDA:15,1,1,0
BRDA:20,2,0,0
BRDA:20,2,1,0
BRDA:20,3,0,0
BRDA:20,3,1,0
BRDA:23,4,0,0
BRDA:23,4,1,0
BRDA:23,5,0,0
BRDA:23,5,1,0
BRDA:28,6,0,0
BRDA:28,6,1,0
BRDA:28,7,0,0
BRDA:28,7,1,0
BRDA:64,8,0,0
BRDA:64,8,1,0
BRDA:70,9,0,0
BRDA:70,9,1,0
BRDA:70,10,0,0
BRDA:70,10,1,0
BRDA:70,10,2,0
BRDA:102,11,0,0
BRDA:102,11,1,0
BRF:26
BRH:0
end_of_record
TN:
SF:plugins/remark-fix-image-paths.js
FN:11,remarkFixImagePaths
FN:12,(anonymous_1)
FN:15,traverse
FN:35,(anonymous_3)
FN:45,(anonymous_4)
FN:60,(anonymous_5)
FNF:6
FNH:0
FNDA:0,remarkFixImagePaths
FNDA:0,(anonymous_1)
FNDA:0,traverse
FNDA:0,(anonymous_3)
FNDA:0,(anonymous_4)
FNDA:0,(anonymous_5)
DA:12,0
DA:16,0
DA:19,0
DA:20,0
DA:21,0
DA:22,0
DA:23,0
DA:28,0
DA:29,0
DA:30,0
DA:33,0
DA:36,0
DA:37,0
DA:38,0
DA:43,0
DA:46,0
DA:47,0
DA:48,0
DA:52,0
DA:53,0
DA:58,0
DA:59,0
DA:60,0
DA:61,0
DA:64,0
DA:65,0
DA:66,0
DA:67,0
DA:70,0
DA:71,0
DA:72,0
DA:75,0
DA:76,0
DA:77,0
DA:78,0
DA:79,0
DA:88,0
DA:89,0
DA:93,0
DA:94,0
DA:95,0
DA:100,0
DA:104,0
LF:43
LH:0
BRDA:16,0,0,0
BRDA:16,0,1,0
BRDA:16,1,0,0
BRDA:16,1,1,0
BRDA:19,2,0,0
BRDA:19,2,1,0
BRDA:19,3,0,0
BRDA:19,3,1,0
BRDA:20,4,0,0
BRDA:20,4,1,0
BRDA:20,5,0,0
BRDA:20,5,1,0
BRDA:28,6,0,0
BRDA:28,6,1,0
BRDA:28,7,0,0
BRDA:28,7,1,0
BRDA:52,8,0,0
BRDA:52,8,1,0
BRDA:58,9,0,0
BRDA:58,9,1,0
BRDA:58,10,0,0
BRDA:58,10,1,0
BRDA:58,10,2,0
BRDA:59,11,0,0
BRDA:59,11,1,0
BRDA:61,12,0,0
BRDA:61,12,1,0
BRDA:61,13,0,0
BRDA:61,13,1,0
BRDA:65,14,0,0
BRDA:65,14,1,0
BRDA:67,15,0,0
BRDA:67,15,1,0
BRDA:67,16,0,0
BRDA:67,16,1,0
BRDA:71,17,0,0
BRDA:71,17,1,0
BRDA:71,18,0,0
BRDA:71,18,1,0
BRDA:75,19,0,0
BRDA:75,19,1,0
BRDA:75,20,0,0
BRDA:75,20,1,0
BRDA:77,21,0,0
BRDA:77,21,1,0
BRDA:88,22,0,0
BRDA:88,22,1,0
BRDA:94,23,0,0
BRDA:94,23,1,0
BRDA:94,24,0,0
BRDA:94,24,1,0
BRF:51
BRH:0
end_of_record
TN:
SF:plugins/remark-link-rewriter.js
FN:18,pathExistsInPortedContent
FN:43,convertToExternalUrl
FN:67,loadLinkReplacements
FN:123,remarkLinkRewriter
FN:128,(anonymous_4)
FN:136,traverse
FN:175,(anonymous_6)
FN:184,traverse
FNF:8
FNH:0
FNDA:0,pathExistsInPortedContent
FNDA:0,convertToExternalUrl
FNDA:0,loadLinkReplacements
FNDA:0,remarkLinkRewriter
FNDA:0,(anonymous_4)
FNDA:0,traverse
FNDA:0,(anonymous_6)
FNDA:0,traverse
DA:8,0
DA:9,0
DA:10,0
DA:12,0
DA:13,0
DA:19,0
DA:20,0
DA:22,0
DA:23,0
DA:26,0
DA:27,0
DA:30,0
DA:31,0
DA:33,0
DA:35,0
DA:45,0
DA:48,0
DA:49,0
DA:53,0
DA:54,0
DA:59,0
DA:60,0
DA:64,0
DA:68,0
DA:70,0
DA:71,0
DA:72,0
DA:75,0
DA:76,0
DA:79,0
DA:80,0
DA:81,0
DA:82,0
DA:87,0
DA:88,0
DA:89,0
DA:90,0
DA:92,0
DA:93,0
DA:97,0
DA:98,0
DA:102,0
DA:108,0
DA:110,0
DA:120,0
DA:124,0
DA:127,0
DA:128,0
DA:130,0
DA:131,0
DA:132,0
DA:137,0
DA:139,0
DA:148,0
DA:151,0
DA:152,0
DA:155,0
DA:156,0
DA:157,0
DA:158,0
DA:160,0
DA:166,0
DA:167,0
DA:171,0
DA:175,0
DA:177,0
DA:178,0
DA:179,0
DA:182,0
DA:185,0
DA:190,0
DA:199,0
DA:204,0
DA:205,0
DA:208,0
DA:209,0
DA:212,0
DA:213,0
DA:215,0
DA:221,0
DA:222,0
DA:223,0
DA:224,0
DA:225,0
DA:229,0
DA:230,0
DA:231,0
DA:233,0
DA:238,0
DA:239,0
DA:240,0
DA:243,0
DA:247,0
DA:248,0
DA:254,0
DA:255,0
DA:262,0
DA:263,0
DA:264,0
DA:269,0
DA:273,0
LF:101
LH:0
BRDA:22,0,0,0
BRDA:22,0,1,0
BRDA:26,1,0,0
BRDA:26,1,1,0
BRDA:30,2,0,0
BRDA:30,2,1,0
BRDA:31,3,0,0
BRDA:31,3,1,0
BRDA:48,4,0,0
BRDA:48,4,1,0
BRDA:53,5,0,0
BRDA:53,5,1,0
BRDA:59,6,0,0
BRDA:59,6,1,0
BRDA:70,7,0,0
BRDA:70,7,1,0
BRDA:76,8,0,0
BRDA:76,8,1,0
BRDA:80,9,0,0
BRDA:80,9,1,0
BRDA:80,10,0,0
BRDA:80,10,1,0
BRDA:88,11,0,0
BRDA:88,11,1,0
BRDA:90,12,0,0
BRDA:90,12,1,0
BRDA:90,13,0,0
BRDA:90,13,1,0
BRDA:97,14,0,0
BRDA:97,14,1,0
BRDA:97,15,0,0
BRDA:97,15,1,0
BRDA:97,15,2,0
BRDA:115,16,0,0
BRDA:115,16,1,0
BRDA:127,17,0,0
BRDA:127,17,1,0
BRDA:127,18,0,0
BRDA:127,18,1,0
BRDA:130,19,0,0
BRDA:130,19,1,0
BRDA:130,19,2,0
BRDA:131,20,0,0
BRDA:131,20,1,0
BRDA:137,21,0,0
BRDA:137,21,1,0
BRDA:137,22,0,0
BRDA:137,22,1,0
BRDA:137,22,2,0
BRDA:139,23,0,0
BRDA:139,23,1,0
BRDA:140,24,0,0
BRDA:140,24,1,0
BRDA:140,24,2,0
BRDA:140,24,3,0
BRDA:140,24,4,0
BRDA:140,24,5,0
BRDA:140,24,6,0
BRDA:151,25,0,0
BRDA:151,25,1,0
BRDA:151,26,0,0
BRDA:151,26,1,0
BRDA:151,26,2,0
BRDA:155,27,0,0
BRDA:155,27,1,0
BRDA:155,28,0,0
BRDA:155,28,1,0
BRDA:156,29,0,0
BRDA:156,29,1,0
BRDA:156,30,0,0
BRDA:156,30,1,0
BRDA:158,31,0,0
BRDA:158,31,1,0
BRDA:166,32,0,0
BRDA:166,32,1,0
BRDA:177,33,0,0
BRDA:177,33,1,0
BRDA:177,33,2,0
BRDA:178,34,0,0
BRDA:178,34,1,0
BRDA:185,35,0,0
BRDA:185,35,1,0
BRDA:185,36,0,0
BRDA:185,36,1,0
BRDA:185,36,2,0
BRDA:190,37,0,0
BRDA:190,37,1,0
BRDA:191,38,0,0
BRDA:191,38,1,0
BRDA:191,38,2,0
BRDA:191,38,3,0
BRDA:191,38,4,0
BRDA:191,38,5,0
BRDA:191,38,6,0
BRDA:204,39,0,0
BRDA:204,39,1,0
BRDA:204,40,0,0
BRDA:204,40,1,0
BRDA:204,40,2,0
BRDA:208,41,0,0
BRDA:208,41,1,0
BRDA:208,42,0,0
BRDA:208,42,1,0
BRDA:212,43,0,0
BRDA:212,43,1,0
BRDA:212,44,0,0
BRDA:212,44,1,0
BRDA:213,45,0,0
BRDA:213,45,1,0
BRDA:223,46,0,0
BRDA:223,46,1,0
BRDA:225,47,0,0
BRDA:225,47,1,0
BRDA:238,48,0,0
BRDA:238,48,1,0
BRDA:239,49,0,0
BRDA:239,49,1,0
BRDA:243,50,0,0
BRDA:243,50,1,0
BRDA:243,50,2,0
BRDA:247,51,0,0
BRDA:247,51,1,0
BRDA:254,52,0,0
BRDA:254,52,1,0
BRDA:262,53,0,0
BRDA:262,53,1,0
BRF:126
BRH:0
end_of_record
TN:
SF:scripts/pipeline/port-content.js
FN:24,logToFile
FN:39,checkGitHubToken
FN:54,runCommandWithTimeout
FN:55,(anonymous_3)
FN:64,(anonymous_4)
FN:70,(anonymous_5)
FN:81,(anonymous_6)
FN:91,downloadRemoteContent
FN:145,getAllMarkdownFiles
FN:171,fixImagePaths
FN:178,(anonymous_10)
FN:190,(anonymous_11)
FN:202,(anonymous_12)
FN:218,renameIndexFile
FN:241,displayPreviousRunTiming
FN:274,saveRunTiming
FN:295,validateSetup
FN:330,(anonymous_17)
FN:333,(anonymous_18)
FN:343,applyTransformations
FN:369,(anonymous_20)
FN:385,(anonymous_21)
FN:405,(anonymous_22)
FN:421,main
FNF:24
FNH:6
FNDA:0,logToFile
FNDA:3,checkGitHubToken
FNDA:0,runCommandWithTimeout
FNDA:0,(anonymous_3)
FNDA:0,(anonymous_4)
FNDA:0,(anonymous_5)
FNDA:0,(anonymous_6)
FNDA:0,downloadRemoteContent
FNDA:0,getAllMarkdownFiles
FNDA:2,fixImagePaths
FNDA:1,(anonymous_10)
FNDA:1,(anonymous_11)
FNDA:0,(anonymous_12)
FNDA:0,renameIndexFile
FNDA:0,displayPreviousRunTiming
FNDA:0,saveRunTiming
FNDA:1,validateSetup
FNDA:3,(anonymous_17)
FNDA:0,(anonymous_18)
FNDA:0,applyTransformations
FNDA:0,(anonymous_20)
FNDA:0,(anonymous_21)
FNDA:0,(anonymous_22)
FNDA:0,main
DA:11,12
DA:13,12
DA:14,12
DA:15,12
DA:18,12
DA:19,12
DA:20,12
DA:21,12
DA:25,0
DA:26,0
DA:27,0
DA:29,0
DA:30,0
DA:32,0
DA:40,3
DA:41,3
DA:42,1
DA:43,1
DA:44,1
DA:45,1
DA:46,1
DA:47,1
DA:55,0
DA:56,0
DA:57,0
DA:59,0
DA:64,0
DA:65,0
DA:66,0
DA:67,0
DA:70,0
DA:71,0
DA:72,0
DA:73,0
DA:74,0
DA:75,0
DA:77,0
DA:81,0
DA:82,0
DA:83,0
DA:92,0
DA:93,0
DA:96,0
DA:98,0
DA:105,0
DA:106,0
DA:107,0
DA:108,0
DA:114,0
DA:115,0
DA:117,0
DA:120,0
DA:121,0
DA:122,0
DA:123,0
DA:124,0
DA:125,0
DA:126,0
DA:127,0
DA:128,0
DA:129,0
DA:130,0
DA:131,0
DA:132,0
DA:133,0
DA:135,0
DA:136,0
DA:138,0
DA:146,0
DA:148,0
DA:149,0
DA:152,0
DA:153,0
DA:154,0
DA:155,0
DA:156,0
DA:157,0
DA:158,0
DA:162,0
DA:172,2
DA:173,2
DA:176,2
DA:179,1
DA:180,1
DA:181,1
DA:182,1
DA:183,1
DA:188,2
DA:191,1
DA:192,1
DA:193,1
DA:194,1
DA:195,1
DA:200,2
DA:203,0
DA:204,0
DA:205,0
DA:206,0
DA:207,0
DA:211,2
DA:219,0
DA:220,0
DA:223,0
DA:224,0
DA:225,0
DA:226,0
DA:227,0
DA:231,0
DA:232,0
DA:233,0
DA:234,0
DA:242,0
DA:243,0
DA:244,0
DA:245,0
DA:246,0
DA:247,0
DA:251,0
DA:252,0
DA:253,0
DA:254,0
DA:255,0
DA:256,0
DA:258,0
DA:259,0
DA:260,0
DA:263,0
DA:264,0
DA:275,0
DA:276,0
DA:277,0
DA:280,0
DA:286,0
DA:288,0
DA:296,1
DA:298,1
DA:301,1
DA:302,1
DA:303,0
DA:304,0
DA:306,1
DA:307,1
DA:311,1
DA:312,1
DA:313,1
DA:314,1
DA:316,0
DA:317,0
DA:321,1
DA:322,1
DA:323,1
DA:324,1
DA:326,0
DA:327,0
DA:330,3
DA:331,1
DA:332,0
DA:333,0
DA:334,0
DA:337,1
DA:344,0
DA:346,0
DA:347,0
DA:348,0
DA:349,0
DA:352,0
DA:355,0
DA:357,0
DA:358,0
DA:360,0
DA:361,0
DA:362,0
DA:365,0
DA:366,0
DA:367,0
DA:369,0
DA:370,0
DA:371,0
DA:374,0
DA:375,0
DA:376,0
DA:377,0
DA:380,0
DA:381,0
DA:383,0
DA:384,0
DA:385,0
DA:386,0
DA:394,0
DA:397,0
DA:398,0
DA:403,0
DA:404,0
DA:405,0
DA:406,0
DA:408,0
DA:409,0
DA:410,0
DA:412,0
DA:415,0
DA:422,0
DA:423,0
DA:424,0
DA:425,0
DA:426,0
DA:429,0
DA:432,0
DA:433,0
DA:435,0
DA:436,0
DA:440,0
DA:441,0
DA:443,0
DA:445,0
DA:448,0
DA:450,0
DA:451,0
DA:454,0
DA:458,0
DA:459,0
DA:460,0
DA:461,0
DA:462,0
DA:463,0
DA:465,0
DA:466,0
DA:467,0
DA:470,0
DA:472,0
DA:474,0
DA:475,0
DA:476,0
DA:477,0
DA:482,0
DA:483,0
DA:485,0
DA:486,0
DA:487,0
DA:488,0
DA:489,0
DA:491,0
DA:493,0
DA:494,0
DA:500,0
DA:503,0
DA:504,0
DA:507,0
DA:509,0
DA:510,0
DA:511,0
DA:512,0
DA:517,12
DA:518,0
DA:521,12
LF:254
LH:51
BRDA:26,0,0,0
BRDA:26,0,1,0
BRDA:40,1,0,3
BRDA:40,1,1,2
BRDA:41,2,0,1
BRDA:41,2,1,2
BRDA:54,3,0,0
BRDA:73,4,0,0
BRDA:73,4,1,0
BRDA:117,5,0,0
BRDA:117,5,1,0
BRDA:120,6,0,0
BRDA:120,6,1,0
BRDA:120,7,0,0
BRDA:120,7,1,0
BRDA:130,8,0,0
BRDA:130,8,1,0
BRDA:136,9,0,0
BRDA:136,9,1,0
BRDA:148,10,0,0
BRDA:148,10,1,0
BRDA:155,11,0,0
BRDA:155,11,1,0
BRDA:157,12,0,0
BRDA:157,12,1,0
BRDA:157,13,0,0
BRDA:157,13,1,0
BRDA:157,13,2,0
BRDA:223,14,0,0
BRDA:223,14,1,0
BRDA:223,15,0,0
BRDA:223,15,1,0
BRDA:231,16,0,0
BRDA:231,16,1,0
BRDA:231,17,0,0
BRDA:231,17,1,0
BRDA:243,18,0,0
BRDA:243,18,1,0
BRDA:251,19,0,0
BRDA:251,19,1,0
BRDA:253,20,0,0
BRDA:253,20,1,0
BRDA:276,21,0,0
BRDA:276,21,1,0
BRDA:302,22,0,0
BRDA:302,22,1,1
BRDA:312,23,0,1
BRDA:312,23,1,0
BRDA:322,24,0,1
BRDA:322,24,1,0
BRDA:330,25,0,3
BRDA:330,25,1,1
BRDA:331,26,0,0
BRDA:331,26,1,1
BRDA:346,27,0,0
BRDA:346,27,1,0
BRDA:360,28,0,0
BRDA:360,28,1,0
BRDA:370,29,0,0
BRDA:370,29,1,0
BRDA:383,30,0,0
BRDA:383,30,1,0
BRDA:403,31,0,0
BRDA:403,31,1,0
BRDA:440,32,0,0
BRDA:440,32,1,0
BRDA:458,33,0,0
BRDA:458,33,1,0
BRDA:460,34,0,0
BRDA:460,34,1,0
BRDA:472,35,0,0
BRDA:472,35,1,0
BRDA:488,36,0,0
BRDA:488,36,1,0
BRDA:491,37,0,0
BRDA:491,37,1,0
BRDA:511,38,0,0
BRDA:511,38,1,0
BRDA:517,39,0,0
BRDA:517,39,1,12
BRF:80
BRH:11
end_of_record
